#
# A fatal error has been detected by the Java Runtime Environment:
#
#  SIGSEGV (0xb) at pc=0x0000000107f37a76, pid=4497, tid=0x0000000000004807
#
# JRE version: Java(TM) SE Runtime Environment (8.0_191-b12) (build 1.8.0_191-b12)
# Java VM: Java HotSpot(TM) 64-Bit Server VM (25.191-b12 mixed mode bsd-amd64 compressed oops)
# Problematic frame:
# V  [libjvm.dylib+0x537a76]  Symbol::as_C_string() const+0xa
#
# Failed to write core dump. Core dumps have been disabled. To enable core dumping, try "ulimit -c unlimited" before starting Java again
#
# If you would like to submit a bug report, please visit:
#   http://bugreport.java.com/bugreport/crash.jsp
#

---------------  T H R E A D  ---------------

Current thread (0x00007fe8dd00f800):  JavaThread "JDWP Transport Listener: dt_socket" daemon [_thread_in_vm, id=18439, stack(0x000070000ec3e000,0x000070000ed3e000)]

siginfo: si_signo: 11 (SIGSEGV), si_code: 0 (unknown), si_addr: 0x0000000000000000

Registers:
RAX=0x000000000000c090, RBX=0x51913179312959d2, RCX=0x000000011d53e998, RDX=0x000000011d51f14a
RSP=0x000070000ed3d610, RBP=0x000070000ed3d620, RSI=0x0000000000000000, RDI=0x51913179312959d2
R8 =0x000000000000da77, R9 =0xffffffff00000000, R10=0x000000010823e658, R11=0xfffff01731f8e0f7
R12=0x0000000000000008, R13=0x000070000ed3d958, R14=0x000070000ed3d958, R15=0x000000011d53f388
RIP=0x0000000107f37a76, EFLAGS=0x0000000000010297, ERR=0x0000000000000000
  TRAPNO=0x000000000000000d

Top of Stack: (sp=0x000070000ed3d610)
0x000070000ed3d610:   0000000000002b02 000070000ed3d958
0x000070000ed3d620:   000070000ed3d690 0000000107d9bcf7
0x000070000ed3d630:   0000000000000000 0000000000000000
0x000070000ed3d640:   0000000000000000 000070000ed3d601
0x000070000ed3d650:   000070000ed3d690 0000000107fad837
0x000070000ed3d660:   000070000e422910 000000010a124b88
0x000070000ed3d670:   000070000ed3d958 00007fe8de002000
0x000070000ed3d680:   00007fe8dd00f800 0000000000000000
0x000070000ed3d690:   000070000ed3d6b0 0000000107d9b138
0x000070000ed3d6a0:   0f0000000f000000 000070000ed3d958
0x000070000ed3d6b0:   000070000ed3d940 0000000107fbc007
0x000070000ed3d6c0:   000070000ed3d700 0000000107e6757a
0x000070000ed3d6d0:   00007fe8dcc06030 0000000000000000
0x000070000ed3d6e0:   00007fe8dcc06010 00007fe8dd00f800
0x000070000ed3d6f0:   0000000000000000 0000000000000000
0x000070000ed3d700:   000070000ed3d750 0000000107e676e9
0x000070000ed3d710:   0000000000000441 00000002082f9150
0x000070000ed3d720:   00007fe8dd00f800 000070000ed3d9f0
0x000070000ed3d730:   0000000000000441 00000001082f9150
0x000070000ed3d740:   00007fe8dd00f800 00007fe8dcc06010
0x000070000ed3d750:   000070000ed3d9e0 0000000107fbc0ed
0x000070000ed3d760:   7463656e6e6fffff 000000003b6e6f69
0x000070000ed3d770:   0200000036000000 0000000000001400
0x000070000ed3d780:   0000000000000003 00007fe8dd00f800
0x000070000ed3d790:   00000001071dbe00 00000001071daa00
0x000070000ed3d7a0:   0000000000000000 0000000000001e00
0x000070000ed3d7b0:   0000000000000001 00007fe8dccdf700
0x000070000ed3d7c0:   00000001071dc800 00000001071daa00
0x000070000ed3d7d0:   000070000ed3d880 00007fff76cf3537
0x000070000ed3d7e0:   00000001071daa00 0000000000000009
0x000070000ed3d7f0:   000070000ed3d830 00007fff76cf3cb7
0x000070000ed3d800:   0000000000000000 0000000000001e00 

Instructions: (pc=0x0000000107f37a76)
0x0000000107f37a56:   ff 48 89 c2 4c 89 f7 48 89 d6 89 da 5b 41 5e 5d
0x0000000107f37a66:   e9 9b fe ff ff 90 55 48 89 e5 41 56 53 48 89 fb
0x0000000107f37a76:   44 0f b7 33 41 ff c6 44 89 f7 31 f6 e8 71 78 fa
0x0000000107f37a86:   ff 48 89 df 48 89 c6 44 89 f2 5b 41 5e 5d e9 6d 

Register to memory mapping:

RAX=0x000000000000c090 is an unknown value
RBX=0x51913179312959d2 is an unknown value
RCX=0x000000011d53e998 is pointing into metadata
RDX=0x000000011d51f14a is pointing into metadata
RSP=0x000070000ed3d610 is pointing into the stack for thread: 0x00007fe8dd00f800
RBP=0x000070000ed3d620 is pointing into the stack for thread: 0x00007fe8dd00f800
RSI=0x0000000000000000 is an unknown value
RDI=0x51913179312959d2 is an unknown value
R8 =0x000000000000da77 is an unknown value
R9 =0xffffffff00000000 is an unknown value
R10=0x000000010823e658: _ZL8tc_mutex+0x18 in /Library/Java/JavaVirtualMachines/jdk1.8.0_191.jdk/Contents/Home/jre/lib/server/libjvm.dylib at 0x0000000107a00000
R11=0xfffff01731f8e0f7 is an unknown value
R12=0x0000000000000008 is an unknown value
R13=0x000070000ed3d958 is pointing into the stack for thread: 0x00007fe8dd00f800
R14=0x000070000ed3d958 is pointing into the stack for thread: 0x00007fe8dd00f800
R15={method} {0x000000011d53f388} 'main' '([Ljava/lang/String;)V' in 'facebook2RDF/StarDogDBFiller'


Stack: [0x000070000ec3e000,0x000070000ed3e000],  sp=0x000070000ed3d610,  free space=1021k
Native frames: (J=compiled Java code, j=interpreted, Vv=VM code, C=native code)
V  [libjvm.dylib+0x537a76]  Symbol::as_C_string() const+0xa
V  [libjvm.dylib+0x39bcf7]  VM_GetOrSetLocal::check_slot_type(javaVFrame*)+0xd7
V  [libjvm.dylib+0x39b138]  VM_GetOrSetLocal::doit_prologue()+0x68
V  [libjvm.dylib+0x5bc007]  VMThread::execute(VM_Operation*)+0x4f
V  [libjvm.dylib+0x389527]  JvmtiEnv::GetLocalObject(JavaThread*, int, int, _jobject**)+0x7d
V  [libjvm.dylib+0x35f633]  jvmti_GetLocalObject+0x162
C  [libjdwp.dylib+0x6e03]  getValues+0x1a3
C  [libjdwp.dylib+0xe50c]  debugLoop_run+0x1c2
C  [libjdwp.dylib+0x1f5de]  attachThread+0x4d
V  [libjvm.dylib+0x39c6a0]  JvmtiAgentThread::call_start_function()+0x38
V  [libjvm.dylib+0x56f83f]  JavaThread::thread_main_inner()+0x9b
V  [libjvm.dylib+0x570f3a]  JavaThread::run()+0x1c2
V  [libjvm.dylib+0x48e0be]  java_start(Thread*)+0xf6
C  [libsystem_pthread.dylib+0x32eb]  _pthread_body+0x7e
C  [libsystem_pthread.dylib+0x6249]  _pthread_start+0x42
C  [libsystem_pthread.dylib+0x240d]  thread_start+0xd
C  0x0000000000000000


---------------  P R O C E S S  ---------------

Java Threads: ( => current thread )
  0x00007fe8dd9d1000 JavaThread "Timer-0" daemon [_thread_blocked, id=19211, stack(0x000070000f456000,0x000070000f556000)]
  0x00007fe8dd03f000 JavaThread "Service Thread" daemon [_thread_blocked, id=15875, stack(0x000070000f250000,0x000070000f350000)]
  0x00007fe8de07e000 JavaThread "C1 CompilerThread2" daemon [_thread_blocked, id=16131, stack(0x000070000f14d000,0x000070000f24d000)]
  0x00007fe8ded57000 JavaThread "C2 CompilerThread1" daemon [_thread_blocked, id=13571, stack(0x000070000f04a000,0x000070000f14a000)]
  0x00007fe8de07d000 JavaThread "C2 CompilerThread0" daemon [_thread_blocked, id=16899, stack(0x000070000ef47000,0x000070000f047000)]
  0x00007fe8de014000 JavaThread "JDWP Command Reader" daemon [_thread_in_native, id=17411, stack(0x000070000ee44000,0x000070000ef44000)]
  0x00007fe8dd010800 JavaThread "JDWP Event Helper Thread" daemon [_thread_blocked, id=17923, stack(0x000070000ed41000,0x000070000ee41000)]
=>0x00007fe8dd00f800 JavaThread "JDWP Transport Listener: dt_socket" daemon [_thread_in_vm, id=18439, stack(0x000070000ec3e000,0x000070000ed3e000)]
  0x00007fe8de80d000 JavaThread "Signal Dispatcher" daemon [_thread_blocked, id=18691, stack(0x000070000eb3b000,0x000070000ec3b000)]
  0x00007fe8dd007800 JavaThread "Finalizer" daemon [_thread_blocked, id=12035, stack(0x000070000ea38000,0x000070000eb38000)]
  0x00007fe8de01a000 JavaThread "Reference Handler" daemon [_thread_blocked, id=20995, stack(0x000070000e935000,0x000070000ea35000)]
  0x00007fe8de002000 JavaThread "main" [_thread_blocked, id=5891, stack(0x000070000e323000,0x000070000e423000)]

Other Threads:
  0x00007fe8de83e800 VMThread [stack: 0x000070000e832000,0x000070000e932000] [id=21251]
  0x00007fe8ded10000 WatcherThread [stack: 0x000070000f353000,0x000070000f453000] [id=15363]

VM state:not at safepoint (normal execution)

VM Mutex/Monitor currently owned by a thread: None

Heap:
 PSYoungGen      total 38400K, used 12097K [0x0000000795580000, 0x0000000798000000, 0x00000007c0000000)
  eden space 33280K, 21% used [0x0000000795580000,0x0000000795c5abb8,0x0000000797600000)
  from space 5120K, 99% used [0x0000000797b00000,0x0000000797ff5af8,0x0000000798000000)
  to   space 5120K, 0% used [0x0000000797600000,0x0000000797600000,0x0000000797b00000)
 ParOldGen       total 87552K, used 32K [0x0000000740000000, 0x0000000745580000, 0x0000000795580000)
  object space 87552K, 0% used [0x0000000740000000,0x0000000740008000,0x0000000745580000)
 Metaspace       used 14835K, capacity 15100K, committed 15232K, reserved 1062912K
  class space    used 1763K, capacity 1846K, committed 1920K, reserved 1048576K

Card table byte_map: [0x0000000108e9e000,0x000000010929f000] byte_map_base: 0x000000010549e000

Marking Bits: (ParMarkBitMap*) 0x00000001082f9e00
 Begin Bits: [0x00000001190ee000, 0x000000011b0ee000)
 End Bits:   [0x000000011b0ee000, 0x000000011d0ee000)

Polling page: 0x00000001071fe000

CodeCache: size=245760Kb used=6033Kb max_used=6081Kb free=239726Kb
 bounds [0x000000010a0ee000, 0x000000010a70e000, 0x00000001190ee000]
 total_blobs=1738 nmethods=1381 adapters=278
 compilation: enabled

Compilation events (10 events):
Event: 1674.770 Thread 0x00007fe8de07d000 1407       4       org.eclipse.jdt.launching.internal.org.objectweb.asm.ClassReader::accept (1253 bytes)
Event: 1677.188 Thread 0x00007fe8de07d000 nmethod 1407 0x000000010a6da350 code [0x000000010a6daea0, 0x000000010a6f7178]
Event: 2153.537 Thread 0x00007fe8de07e000 1408       3       java.lang.Long::valueOf (36 bytes)
Event: 2153.542 Thread 0x00007fe8de07e000 nmethod 1408 0x000000010a1ff0d0 code [0x000000010a1ff260, 0x000000010a1ff5d0]
Event: 2483.142 Thread 0x00007fe8de07d000 1409       4       org.eclipse.jdt.launching.internal.org.objectweb.asm.ClassReader::readConst (276 bytes)
Event: 2483.302 Thread 0x00007fe8de07d000 nmethod 1409 0x000000010a612590 code [0x000000010a6129a0, 0x000000010a6145b8]
Event: 2677.811 Thread 0x00007fe8de07e000 1410       3       org.eclipse.jdt.launching.internal.org.objectweb.asm.SymbolTable::addConstantLong (109 bytes)
Event: 2677.828 Thread 0x00007fe8de07e000 nmethod 1410 0x000000010a204550 code [0x000000010a204720, 0x000000010a204d58]
Event: 2993.531 Thread 0x00007fe8ded57000 1411       4       org.eclipse.jdt.launching.internal.org.objectweb.asm.ClassWriter::toByteArray (1350 bytes)
Event: 2994.139 Thread 0x00007fe8ded57000 nmethod 1411 0x000000010a640c10 code [0x000000010a641580, 0x000000010a64a690]

GC Heap History (8 events):
Event: 73.995 GC heap before
{Heap before GC invocations=1 (full 0):
 PSYoungGen      total 38400K, used 33280K [0x0000000795580000, 0x0000000798000000, 0x00000007c0000000)
  eden space 33280K, 100% used [0x0000000795580000,0x0000000797600000,0x0000000797600000)
  from space 5120K, 0% used [0x0000000797b00000,0x0000000797b00000,0x0000000798000000)
  to   space 5120K, 0% used [0x0000000797600000,0x0000000797600000,0x0000000797b00000)
 ParOldGen       total 87552K, used 0K [0x0000000740000000, 0x0000000745580000, 0x0000000795580000)
  object space 87552K, 0% used [0x0000000740000000,0x0000000740000000,0x0000000745580000)
 Metaspace       used 7532K, capacity 7696K, committed 7808K, reserved 1056768K
  class space    used 810K, capacity 862K, committed 896K, reserved 1048576K
Event: 74.006 GC heap after
Heap after GC invocations=1 (full 0):
 PSYoungGen      total 38400K, used 3254K [0x0000000795580000, 0x0000000798000000, 0x00000007c0000000)
  eden space 33280K, 0% used [0x0000000795580000,0x0000000795580000,0x0000000797600000)
  from space 5120K, 63% used [0x0000000797600000,0x000000079792da50,0x0000000797b00000)
  to   space 5120K, 0% used [0x0000000797b00000,0x0000000797b00000,0x0000000798000000)
 ParOldGen       total 87552K, used 8K [0x0000000740000000, 0x0000000745580000, 0x0000000795580000)
  object space 87552K, 0% used [0x0000000740000000,0x0000000740002000,0x0000000745580000)
 Metaspace       used 7532K, capacity 7696K, committed 7808K, reserved 1056768K
  class space    used 810K, capacity 862K, committed 896K, reserved 1048576K
}
Event: 74.669 GC heap before
{Heap before GC invocations=2 (full 0):
 PSYoungGen      total 38400K, used 36534K [0x0000000795580000, 0x0000000798000000, 0x00000007c0000000)
  eden space 33280K, 100% used [0x0000000795580000,0x0000000797600000,0x0000000797600000)
  from space 5120K, 63% used [0x0000000797600000,0x000000079792da50,0x0000000797b00000)
  to   space 5120K, 0% used [0x0000000797b00000,0x0000000797b00000,0x0000000798000000)
 ParOldGen       total 87552K, used 8K [0x0000000740000000, 0x0000000745580000, 0x0000000795580000)
  object space 87552K, 0% used [0x0000000740000000,0x0000000740002000,0x0000000745580000)
 Metaspace       used 9524K, capacity 9648K, committed 9856K, reserved 1058816K
  class space    used 1102K, capacity 1150K, committed 1152K, reserved 1048576K
Event: 74.676 GC heap after
Heap after GC invocations=2 (full 0):
 PSYoungGen      total 38400K, used 3638K [0x0000000795580000, 0x0000000798000000, 0x00000007c0000000)
  eden space 33280K, 0% used [0x0000000795580000,0x0000000795580000,0x0000000797600000)
  from space 5120K, 71% used [0x0000000797b00000,0x0000000797e8d978,0x0000000798000000)
  to   space 5120K, 0% used [0x0000000797600000,0x0000000797600000,0x0000000797b00000)
 ParOldGen       total 87552K, used 16K [0x0000000740000000, 0x0000000745580000, 0x0000000795580000)
  object space 87552K, 0% used [0x0000000740000000,0x0000000740004000,0x0000000745580000)
 Metaspace       used 9524K, capacity 9648K, committed 9856K, reserved 1058816K
  class space    used 1102K, capacity 1150K, committed 1152K, reserved 1048576K
}
Event: 75.389 GC heap before
{Heap before GC invocations=3 (full 0):
 PSYoungGen      total 38400K, used 36918K [0x0000000795580000, 0x0000000798000000, 0x00000007c0000000)
  eden space 33280K, 100% used [0x0000000795580000,0x0000000797600000,0x0000000797600000)
  from space 5120K, 71% used [0x0000000797b00000,0x0000000797e8d978,0x0000000798000000)
  to   space 5120K, 0% used [0x0000000797600000,0x0000000797600000,0x0000000797b00000)
 ParOldGen       total 87552K, used 16K [0x0000000740000000, 0x0000000745580000, 0x0000000795580000)
  object space 87552K, 0% used [0x0000000740000000,0x0000000740004000,0x0000000745580000)
 Metaspace       used 12103K, capacity 12318K, committed 12544K, reserved 1060864K
  class space    used 1425K, capacity 1521K, committed 1536K, reserved 1048576K
Event: 75.397 GC heap after
Heap after GC invocations=3 (full 0):
 PSYoungGen      total 38400K, used 4431K [0x0000000795580000, 0x0000000798000000, 0x00000007c0000000)
  eden space 33280K, 0% used [0x0000000795580000,0x0000000795580000,0x0000000797600000)
  from space 5120K, 86% used [0x0000000797600000,0x0000000797a53fc8,0x0000000797b00000)
  to   space 5120K, 0% used [0x0000000797b00000,0x0000000797b00000,0x0000000798000000)
 ParOldGen       total 87552K, used 24K [0x0000000740000000, 0x0000000745580000, 0x0000000795580000)
  object space 87552K, 0% used [0x0000000740000000,0x0000000740006000,0x0000000745580000)
 Metaspace       used 12103K, capacity 12318K, committed 12544K, reserved 1060864K
  class space    used 1425K, capacity 1521K, committed 1536K, reserved 1048576K
}
Event: 75.915 GC heap before
{Heap before GC invocations=4 (full 0):
 PSYoungGen      total 38400K, used 37711K [0x0000000795580000, 0x0000000798000000, 0x00000007c0000000)
  eden space 33280K, 100% used [0x0000000795580000,0x0000000797600000,0x0000000797600000)
  from space 5120K, 86% used [0x0000000797600000,0x0000000797a53fc8,0x0000000797b00000)
  to   space 5120K, 0% used [0x0000000797b00000,0x0000000797b00000,0x0000000798000000)
 ParOldGen       total 87552K, used 24K [0x0000000740000000, 0x0000000745580000, 0x0000000795580000)
  object space 87552K, 0% used [0x0000000740000000,0x0000000740006000,0x0000000745580000)
 Metaspace       used 14125K, capacity 14364K, committed 14720K, reserved 1062912K
  class space    used 1701K, capacity 1814K, committed 1920K, reserved 1048576K
Event: 75.922 GC heap after
Heap after GC invocations=4 (full 0):
 PSYoungGen      total 38400K, used 5078K [0x0000000795580000, 0x0000000798000000, 0x00000007c0000000)
  eden space 33280K, 0% used [0x0000000795580000,0x0000000795580000,0x0000000797600000)
  from space 5120K, 99% used [0x0000000797b00000,0x0000000797ff5af8,0x0000000798000000)
  to   space 5120K, 0% used [0x0000000797600000,0x0000000797600000,0x0000000797b00000)
 ParOldGen       total 87552K, used 32K [0x0000000740000000, 0x0000000745580000, 0x0000000795580000)
  object space 87552K, 0% used [0x0000000740000000,0x0000000740008000,0x0000000745580000)
 Metaspace       used 14125K, capacity 14364K, committed 14720K, reserved 1062912K
  class space    used 1701K, capacity 1814K, committed 1920K, reserved 1048576K
}

Deoptimization events (10 events):
Event: 74.780 Thread 0x00007fe8de002000 Uncommon trap: reason=range_check action=none pc=0x000000010a4970ac method=sun.reflect.generics.parser.SignatureParser.current()C @ 34
Event: 74.780 Thread 0x00007fe8de002000 Uncommon trap: reason=range_check action=none pc=0x000000010a4970ac method=sun.reflect.generics.parser.SignatureParser.current()C @ 34
Event: 74.819 Thread 0x00007fe8de002000 Uncommon trap: reason=range_check action=none pc=0x000000010a4970ac method=sun.reflect.generics.parser.SignatureParser.current()C @ 34
Event: 74.821 Thread 0x00007fe8de002000 Uncommon trap: reason=range_check action=none pc=0x000000010a4970ac method=sun.reflect.generics.parser.SignatureParser.current()C @ 34
Event: 74.836 Thread 0x00007fe8de002000 Uncommon trap: reason=unstable_if action=reinterpret pc=0x000000010a44c0d4 method=org.eclipse.jdt.launching.internal.org.objectweb.asm.Type.getArgumentsAndReturnSizes(Ljava/lang/String;)I @ 25
Event: 74.949 Thread 0x00007fe8de002000 Uncommon trap: reason=unstable_if action=reinterpret pc=0x000000010a357348 method=java.lang.AbstractStringBuilder.append(Ljava/lang/String;)Ljava/lang/AbstractStringBuilder; @ 1
Event: 74.955 Thread 0x00007fe8de002000 Uncommon trap: reason=unstable_if action=reinterpret pc=0x000000010a400424 method=sun.misc.MetaIndex.mayContain(Ljava/lang/String;)Z @ 38
Event: 75.722 Thread 0x00007fe8de002000 Uncommon trap: reason=predicate action=maybe_recompile pc=0x000000010a451420 method=sun.net.www.ParseUtil.encodePath(Ljava/lang/String;Z)Ljava/lang/String; @ 36
Event: 75.852 Thread 0x00007fe8de002000 Uncommon trap: reason=unstable_if action=reinterpret pc=0x000000010a47cc74 method=java.util.HashMap.getNode(ILjava/lang/Object;)Ljava/util/HashMap$Node; @ 129
Event: 75.868 Thread 0x00007fe8de002000 Uncommon trap: reason=unstable_if action=reinterpret pc=0x000000010a5f860c method=org.eclipse.jdt.launching.internal.org.objectweb.asm.Type.getArgumentsAndReturnSizes(Ljava/lang/String;)I @ 121

Classes redefined (10 events):
Event: 2677.827 Thread 0x00007fe8de83e800 redefined class name=facebook2RDF.StarDogDBFiller, count=30
Event: 2784.378 Thread 0x00007fe8de83e800 redefined class name=facebook2RDF.StarDogDBFiller, count=31
Event: 2939.041 Thread 0x00007fe8de83e800 redefined class name=facebook2RDF.StarDogDBFiller, count=32
Event: 2975.847 Thread 0x00007fe8de83e800 redefined class name=facebook2RDF.StarDogDBFiller, count=33
Event: 2993.550 Thread 0x00007fe8de83e800 redefined class name=facebook2RDF.StarDogDBFiller, count=34
Event: 3024.954 Thread 0x00007fe8de83e800 redefined class name=facebook2RDF.StarDogDBFiller, count=35
Event: 3048.082 Thread 0x00007fe8de83e800 redefined class name=facebook2RDF.StarDogDBFiller, count=36
Event: 3074.159 Thread 0x00007fe8de83e800 redefined class name=facebook2RDF.StarDogDBFiller, count=37
Event: 3086.563 Thread 0x00007fe8de83e800 redefined class name=facebook2RDF.StarDogDBFiller, count=38
Event: 3227.871 Thread 0x00007fe8de83e800 redefined class name=facebook2RDF.StarDogDBFiller, count=39

Internal exceptions (10 events):
Event: 74.769 Thread 0x00007fe8de002000 Exception <a 'java/lang/ArrayIndexOutOfBoundsException': 162> (0x0000000795bf6818) thrown at [/Users/java_re/workspace/8-2-build-macosx-x86_64/jdk8u191/11896/hotspot/src/share/vm/interpreter/interpreterRuntime.cpp, line 366]
Event: 74.770 Thread 0x00007fe8de002000 Exception <a 'java/lang/ArrayIndexOutOfBoundsException': 166> (0x0000000795c04678) thrown at [/Users/java_re/workspace/8-2-build-macosx-x86_64/jdk8u191/11896/hotspot/src/share/vm/interpreter/interpreterRuntime.cpp, line 366]
Event: 74.773 Thread 0x00007fe8de002000 Exception <a 'java/lang/ArrayIndexOutOfBoundsException': 160> (0x0000000795c22d50) thrown at [/Users/java_re/workspace/8-2-build-macosx-x86_64/jdk8u191/11896/hotspot/src/share/vm/interpreter/interpreterRuntime.cpp, line 366]
Event: 74.775 Thread 0x00007fe8de002000 Exception <a 'java/lang/ArrayIndexOutOfBoundsException': 172> (0x0000000795c340f8) thrown at [/Users/java_re/workspace/8-2-build-macosx-x86_64/jdk8u191/11896/hotspot/src/share/vm/interpreter/interpreterRuntime.cpp, line 366]
Event: 74.780 Thread 0x00007fe8de002000 Exception <a 'java/lang/ArrayIndexOutOfBoundsException': 252> (0x0000000795c8a4f8) thrown at [/Users/java_re/workspace/8-2-build-macosx-x86_64/jdk8u191/11896/hotspot/src/share/vm/interpreter/interpreterRuntime.cpp, line 366]
Event: 74.780 Thread 0x00007fe8de002000 Exception <a 'java/lang/ArrayIndexOutOfBoundsException': 67> (0x0000000795c8b8f8) thrown at [/Users/java_re/workspace/8-2-build-macosx-x86_64/jdk8u191/11896/hotspot/src/share/vm/interpreter/interpreterRuntime.cpp, line 366]
Event: 74.780 Thread 0x00007fe8de002000 Exception <a 'java/lang/ArrayIndexOutOfBoundsException': 74> (0x0000000795c8ca90) thrown at [/Users/java_re/workspace/8-2-build-macosx-x86_64/jdk8u191/11896/hotspot/src/share/vm/interpreter/interpreterRuntime.cpp, line 366]
Event: 74.819 Thread 0x00007fe8de002000 Exception <a 'java/lang/ArrayIndexOutOfBoundsException': 114> (0x0000000795f76a80) thrown at [/Users/java_re/workspace/8-2-build-macosx-x86_64/jdk8u191/11896/hotspot/src/share/vm/interpreter/interpreterRuntime.cpp, line 366]
Event: 74.821 Thread 0x00007fe8de002000 Exception <a 'java/lang/ArrayIndexOutOfBoundsException': 126> (0x0000000795f7a358) thrown at [/Users/java_re/workspace/8-2-build-macosx-x86_64/jdk8u191/11896/hotspot/src/share/vm/interpreter/interpreterRuntime.cpp, line 366]
Event: 74.949 Thread 0x00007fe8de002000 Implicit null exception at 0x000000010a356e36 to 0x000000010a357331

Events (10 events):
Event: 3362.405 Executing VM operation: GetOwnedMonitorInfo
Event: 3362.405 Executing VM operation: GetOwnedMonitorInfo done
Event: 3362.406 Executing VM operation: GetOwnedMonitorInfo
Event: 3362.406 Executing VM operation: GetOwnedMonitorInfo done
Event: 3362.406 Executing VM operation: GetCurrentContendedMonitor
Event: 3362.406 Executing VM operation: GetCurrentContendedMonitor done
Event: 3362.532 Executing VM operation: GetOwnedMonitorInfo
Event: 3362.532 Executing VM operation: GetOwnedMonitorInfo done
Event: 3362.533 Executing VM operation: GetCurrentContendedMonitor
Event: 3362.533 Executing VM operation: GetCurrentContendedMonitor done


Dynamic libraries:
0x00007fff4a3fa000 	/System/Library/Frameworks/Cocoa.framework/Versions/A/Cocoa
0x00007fff56112000 	/System/Library/Frameworks/Security.framework/Versions/A/Security
0x00007fff4908f000 	/System/Library/Frameworks/ApplicationServices.framework/Versions/A/ApplicationServices
0x00007fff761d4000 	/usr/lib/libz.1.dylib
0x00007fff73b2e000 	/usr/lib/libSystem.B.dylib
0x00007fff75365000 	/usr/lib/libobjc.A.dylib
0x00007fff4abe2000 	/System/Library/Frameworks/CoreFoundation.framework/Versions/A/CoreFoundation
0x00007fff4ce64000 	/System/Library/Frameworks/Foundation.framework/Versions/C/Foundation
0x00007fff48288000 	/System/Library/Frameworks/AppKit.framework/Versions/C/AppKit
0x00007fff4a775000 	/System/Library/Frameworks/CoreData.framework/Versions/A/CoreData
0x00007fff6d601000 	/System/Library/PrivateFrameworks/RemoteViewServices.framework/Versions/A/RemoteViewServices
0x00007fff7186e000 	/System/Library/PrivateFrameworks/UIFoundation.framework/Versions/A/UIFoundation
0x00007fff72f50000 	/System/Library/PrivateFrameworks/XCTTargetBootstrap.framework/Versions/A/XCTTargetBootstrap
0x00007fff4aafa000 	/System/Library/Frameworks/CoreDisplay.framework/Versions/A/CoreDisplay
0x00007fff68358000 	/System/Library/PrivateFrameworks/IconServices.framework/Versions/A/IconServices
0x00007fff4f788000 	/System/Library/Frameworks/Metal.framework/Versions/A/Metal
0x00007fff5f8d3000 	/System/Library/PrivateFrameworks/DesktopServicesPriv.framework/Versions/A/DesktopServicesPriv
0x00007fff746c8000 	/usr/lib/libenergytrace.dylib
0x00007fff6fd57000 	/System/Library/PrivateFrameworks/SkyLight.framework/Versions/A/SkyLight
0x00007fff4b028000 	/System/Library/Frameworks/CoreGraphics.framework/Versions/A/CoreGraphics
0x00007fff47054000 	/System/Library/Frameworks/Accelerate.framework/Versions/A/Accelerate
0x00007fff4d5ac000 	/System/Library/Frameworks/IOSurface.framework/Versions/A/IOSurface
0x00007fff5f73f000 	/System/Library/PrivateFrameworks/DFRFoundation.framework/Versions/A/DFRFoundation
0x00007fff49572000 	/System/Library/Frameworks/AudioToolbox.framework/Versions/A/AudioToolbox
0x00007fff497eb000 	/System/Library/Frameworks/AudioUnit.framework/Versions/A/AudioUnit
0x00007fff5f7d4000 	/System/Library/PrivateFrameworks/DataDetectorsCore.framework/Versions/A/DataDetectorsCore
0x00007fff49efe000 	/System/Library/Frameworks/Carbon.framework/Versions/A/Frameworks/HIToolbox.framework/Versions/A/HIToolbox
0x00007fff74821000 	/usr/lib/libicucore.A.dylib
0x00007fff55687000 	/System/Library/Frameworks/QuartzCore.framework/Versions/A/QuartzCore
0x00007fff4a2d2000 	/System/Library/Frameworks/Carbon.framework/Versions/A/Frameworks/SpeechRecognition.framework/Versions/A/SpeechRecognition
0x00007fff73c82000 	/usr/lib/libauto.dylib
0x00007fff760c8000 	/usr/lib/libxml2.2.dylib
0x00007fff5f31c000 	/System/Library/PrivateFrameworks/CoreUI.framework/Versions/A/CoreUI
0x00007fff4a660000 	/System/Library/Frameworks/CoreAudio.framework/Versions/A/CoreAudio
0x00007fff4cc99000 	/System/Library/Frameworks/DiskArbitration.framework/Versions/A/DiskArbitration
0x00007fff74acf000 	/usr/lib/liblangid.dylib
0x00007fff69766000 	/System/Library/PrivateFrameworks/MultitouchSupport.framework/Versions/A/MultitouchSupport
0x00007fff4d51b000 	/System/Library/Frameworks/IOKit.framework/Versions/A/IOKit
0x00007fff736ef000 	/usr/lib/libDiagnosticMessagesClient.dylib
0x00007fff4be37000 	/System/Library/Frameworks/CoreServices.framework/Versions/A/CoreServices
0x00007fff6b40d000 	/System/Library/PrivateFrameworks/PerformanceAnalysis.framework/Versions/A/PerformanceAnalysis
0x00007fff54875000 	/System/Library/Frameworks/OpenGL.framework/Versions/A/OpenGL
0x00007fff4a408000 	/System/Library/Frameworks/ColorSync.framework/Versions/A/ColorSync
0x00007fff4b6b9000 	/System/Library/Frameworks/CoreImage.framework/Versions/A/CoreImage
0x00007fff4c810000 	/System/Library/Frameworks/CoreText.framework/Versions/A/CoreText
0x00007fff4d60f000 	/System/Library/Frameworks/ImageIO.framework/Versions/A/ImageIO
0x00007fff5b971000 	/System/Library/PrivateFrameworks/Backup.framework/Versions/A/Backup
0x00007fff73bd5000 	/usr/lib/libarchive.2.dylib
0x00007fff49b43000 	/System/Library/Frameworks/CFNetwork.framework/Versions/A/CFNetwork
0x00007fff5686c000 	/System/Library/Frameworks/SystemConfiguration.framework/Versions/A/SystemConfiguration
0x00007fff73620000 	/usr/lib/libCRFSuite.dylib
0x00007fff73d71000 	/usr/lib/libc++.1.dylib
0x00007fff73dc5000 	/usr/lib/libc++abi.dylib
0x00007fff769ca000 	/usr/lib/system/libcache.dylib
0x00007fff769cf000 	/usr/lib/system/libcommonCrypto.dylib
0x00007fff769da000 	/usr/lib/system/libcompiler_rt.dylib
0x00007fff769e2000 	/usr/lib/system/libcopyfile.dylib
0x00007fff769ec000 	/usr/lib/system/libcorecrypto.dylib
0x00007fff76af7000 	/usr/lib/system/libdispatch.dylib
0x00007fff76b31000 	/usr/lib/system/libdyld.dylib
0x00007fff76b5e000 	/usr/lib/system/libkeymgr.dylib
0x00007fff76b6c000 	/usr/lib/system/liblaunch.dylib
0x00007fff76b6d000 	/usr/lib/system/libmacho.dylib
0x00007fff76b73000 	/usr/lib/system/libquarantine.dylib
0x00007fff76b76000 	/usr/lib/system/libremovefile.dylib
0x00007fff76b78000 	/usr/lib/system/libsystem_asl.dylib
0x00007fff76b90000 	/usr/lib/system/libsystem_blocks.dylib
0x00007fff76b91000 	/usr/lib/system/libsystem_c.dylib
0x00007fff76c19000 	/usr/lib/system/libsystem_configuration.dylib
0x00007fff76c1d000 	/usr/lib/system/libsystem_coreservices.dylib
0x00007fff76c21000 	/usr/lib/system/libsystem_darwin.dylib
0x00007fff76c28000 	/usr/lib/system/libsystem_dnssd.dylib
0x00007fff76c2f000 	/usr/lib/system/libsystem_info.dylib
0x00007fff76ca4000 	/usr/lib/system/libsystem_m.dylib
0x00007fff76cf0000 	/usr/lib/system/libsystem_malloc.dylib
0x00007fff76d1b000 	/usr/lib/system/libsystem_networkextension.dylib
0x00007fff76d26000 	/usr/lib/system/libsystem_notify.dylib
0x00007fff76d43000 	/usr/lib/system/libsystem_sandbox.dylib
0x00007fff76d47000 	/usr/lib/system/libsystem_secinit.dylib
0x00007fff76c7b000 	/usr/lib/system/libsystem_kernel.dylib
0x00007fff76d2e000 	/usr/lib/system/libsystem_platform.dylib
0x00007fff76d38000 	/usr/lib/system/libsystem_pthread.dylib
0x00007fff76d4a000 	/usr/lib/system/libsystem_symptoms.dylib
0x00007fff76d52000 	/usr/lib/system/libsystem_trace.dylib
0x00007fff76d69000 	/usr/lib/system/libunwind.dylib
0x00007fff76d6f000 	/usr/lib/system/libxpc.dylib
0x00007fff73d52000 	/usr/lib/libbsm.0.dylib
0x00007fff76b5f000 	/usr/lib/system/libkxld.dylib
0x00007fff5ad62000 	/System/Library/PrivateFrameworks/AppleFSCompression.framework/Versions/A/AppleFSCompression
0x00007fff739ee000 	/usr/lib/libOpenScriptingUtil.dylib
0x00007fff7407a000 	/usr/lib/libcoretls.dylib
0x00007fff74091000 	/usr/lib/libcoretls_cfhelpers.dylib
0x00007fff75afc000 	/usr/lib/libpam.2.dylib
0x00007fff75cbc000 	/usr/lib/libsqlite3.dylib
0x00007fff760b6000 	/usr/lib/libxar.1.dylib
0x00007fff73d63000 	/usr/lib/libbz2.1.0.dylib
0x00007fff74ad1000 	/usr/lib/liblzma.5.dylib
0x00007fff74f82000 	/usr/lib/libnetwork.dylib
0x00007fff73bbe000 	/usr/lib/libapple_nghttp2.dylib
0x00007fff75b03000 	/usr/lib/libpcap.A.dylib
0x00007fff4c1d6000 	/System/Library/Frameworks/CoreServices.framework/Versions/A/Frameworks/FSEvents.framework/Versions/A/FSEvents
0x00007fff4beb5000 	/System/Library/Frameworks/CoreServices.framework/Versions/A/Frameworks/CarbonCore.framework/Versions/A/CarbonCore
0x00007fff4c392000 	/System/Library/Frameworks/CoreServices.framework/Versions/A/Frameworks/Metadata.framework/Versions/A/Metadata
0x00007fff4c431000 	/System/Library/Frameworks/CoreServices.framework/Versions/A/Frameworks/OSServices.framework/Versions/A/OSServices
0x00007fff4c47c000 	/System/Library/Frameworks/CoreServices.framework/Versions/A/Frameworks/SearchKit.framework/Versions/A/SearchKit
0x00007fff4be38000 	/System/Library/Frameworks/CoreServices.framework/Versions/A/Frameworks/AE.framework/Versions/A/AE
0x00007fff4c1df000 	/System/Library/Frameworks/CoreServices.framework/Versions/A/Frameworks/LaunchServices.framework/Versions/A/LaunchServices
0x00007fff4c18d000 	/System/Library/Frameworks/CoreServices.framework/Versions/A/Frameworks/DictionaryServices.framework/Versions/A/DictionaryServices
0x00007fff4c4e4000 	/System/Library/Frameworks/CoreServices.framework/Versions/A/Frameworks/SharedFileList.framework/Versions/A/SharedFileList
0x00007fff50850000 	/System/Library/Frameworks/NetFS.framework/Versions/A/NetFS
0x00007fff699cc000 	/System/Library/PrivateFrameworks/NetAuth.framework/Versions/A/NetAuth
0x00007fff73354000 	/System/Library/PrivateFrameworks/login.framework/Versions/A/Frameworks/loginsupport.framework/Versions/A/loginsupport
0x00007fff71477000 	/System/Library/PrivateFrameworks/TCC.framework/Versions/A/TCC
0x00007fff5e979000 	/System/Library/PrivateFrameworks/CoreNLP.framework/Versions/A/CoreNLP
0x00007fff6945f000 	/System/Library/PrivateFrameworks/MetadataUtilities.framework/Versions/A/MetadataUtilities
0x00007fff74ba6000 	/usr/lib/libmecabra.dylib
0x00007fff49090000 	/System/Library/Frameworks/ApplicationServices.framework/Versions/A/Frameworks/ATS.framework/Versions/A/ATS
0x00007fff493df000 	/System/Library/Frameworks/ApplicationServices.framework/Versions/A/Frameworks/ColorSyncLegacy.framework/Versions/A/ColorSyncLegacy
0x00007fff4947e000 	/System/Library/Frameworks/ApplicationServices.framework/Versions/A/Frameworks/HIServices.framework/Versions/A/HIServices
0x00007fff494d1000 	/System/Library/Frameworks/ApplicationServices.framework/Versions/A/Frameworks/LangAnalysis.framework/Versions/A/LangAnalysis
0x00007fff494e1000 	/System/Library/Frameworks/ApplicationServices.framework/Versions/A/Frameworks/PrintCore.framework/Versions/A/PrintCore
0x00007fff4952b000 	/System/Library/Frameworks/ApplicationServices.framework/Versions/A/Frameworks/QD.framework/Versions/A/QD
0x00007fff49565000 	/System/Library/Frameworks/ApplicationServices.framework/Versions/A/Frameworks/SpeechSynthesis.framework/Versions/A/SpeechSynthesis
0x00007fff73ded000 	/usr/lib/libcompression.dylib
0x00007fff4fa58000 	/System/Library/Frameworks/MetalPerformanceShaders.framework/Versions/A/MetalPerformanceShaders
0x00007fff4706c000 	/System/Library/Frameworks/Accelerate.framework/Versions/A/Frameworks/vImage.framework/Versions/A/vImage
0x00007fff480e6000 	/System/Library/Frameworks/Accelerate.framework/Versions/A/Frameworks/vecLib.framework/Versions/A/vecLib
0x00007fff48032000 	/System/Library/Frameworks/Accelerate.framework/Versions/A/Frameworks/vecLib.framework/Versions/A/libvMisc.dylib
0x00007fff47e4a000 	/System/Library/Frameworks/Accelerate.framework/Versions/A/Frameworks/vecLib.framework/Versions/A/libvDSP.dylib
0x00007fff47706000 	/System/Library/Frameworks/Accelerate.framework/Versions/A/Frameworks/vecLib.framework/Versions/A/libBLAS.dylib
0x00007fff479f3000 	/System/Library/Frameworks/Accelerate.framework/Versions/A/Frameworks/vecLib.framework/Versions/A/libLAPACK.dylib
0x00007fff47d9d000 	/System/Library/Frameworks/Accelerate.framework/Versions/A/Frameworks/vecLib.framework/Versions/A/libLinearAlgebra.dylib
0x00007fff47e36000 	/System/Library/Frameworks/Accelerate.framework/Versions/A/Frameworks/vecLib.framework/Versions/A/libSparseBLAS.dylib
0x00007fff47db3000 	/System/Library/Frameworks/Accelerate.framework/Versions/A/Frameworks/vecLib.framework/Versions/A/libQuadrature.dylib
0x00007fff47980000 	/System/Library/Frameworks/Accelerate.framework/Versions/A/Frameworks/vecLib.framework/Versions/A/libBNNS.dylib
0x00007fff47db9000 	/System/Library/Frameworks/Accelerate.framework/Versions/A/Frameworks/vecLib.framework/Versions/A/libSparse.dylib
0x00007fff65cbb000 	/System/Library/PrivateFrameworks/GPUWrangler.framework/Versions/A/GPUWrangler
0x00007fff67f8d000 	/System/Library/PrivateFrameworks/IOAccelerator.framework/Versions/A/IOAccelerator
0x00007fff67f98000 	/System/Library/PrivateFrameworks/IOPresentment.framework/Versions/A/IOPresentment
0x00007fff5f74f000 	/System/Library/PrivateFrameworks/DSExternalDisplay.framework/Versions/A/DSExternalDisplay
0x00007fff53ccc000 	/System/Library/Frameworks/OpenGL.framework/Versions/A/Libraries/libCoreFSCache.dylib
0x00007fff4f84c000 	/System/Library/Frameworks/MetalPerformanceShaders.framework/Frameworks/MPSCore.framework/Versions/A/MPSCore
0x00007fff4f86c000 	/System/Library/Frameworks/MetalPerformanceShaders.framework/Frameworks/MPSImage.framework/Versions/A/MPSImage
0x00007fff4f911000 	/System/Library/Frameworks/MetalPerformanceShaders.framework/Frameworks/MPSNeuralNetwork.framework/Versions/A/MPSNeuralNetwork
0x00007fff4f8e9000 	/System/Library/Frameworks/MetalPerformanceShaders.framework/Frameworks/MPSMatrix.framework/Versions/A/MPSMatrix
0x00007fff4fa3d000 	/System/Library/Frameworks/MetalPerformanceShaders.framework/Frameworks/MPSRayIntersector.framework/Versions/A/MPSRayIntersector
0x00007fff69488000 	/System/Library/PrivateFrameworks/MetalTools.framework/Versions/A/MetalTools
0x00007fff5a60f000 	/System/Library/PrivateFrameworks/AggregateDictionary.framework/Versions/A/AggregateDictionary
0x00007fff739cf000 	/usr/lib/libMobileGestalt.dylib
0x00007fff4c973000 	/System/Library/Frameworks/CoreVideo.framework/Versions/A/CoreVideo
0x00007fff66acb000 	/System/Library/PrivateFrameworks/GraphVisualizer.framework/Versions/A/GraphVisualizer
0x00007fff6094b000 	/System/Library/PrivateFrameworks/FaceCore.framework/Versions/A/FaceCore
0x00007fff532fa000 	/System/Library/Frameworks/OpenCL.framework/Versions/A/OpenCL
0x00007fff73727000 	/usr/lib/libFosl_dynamic.dylib
0x00007fff6a237000 	/System/Library/PrivateFrameworks/OTSVG.framework/Versions/A/OTSVG
0x00007fff49194000 	/System/Library/Frameworks/ApplicationServices.framework/Versions/A/Frameworks/ATS.framework/Versions/A/Resources/libFontParser.dylib
0x00007fff492ac000 	/System/Library/Frameworks/ApplicationServices.framework/Versions/A/Frameworks/ATS.framework/Versions/A/Resources/libFontRegistry.dylib
0x00007fff4d87d000 	/System/Library/Frameworks/ImageIO.framework/Versions/A/Resources/libJPEG.dylib
0x00007fff4db8f000 	/System/Library/Frameworks/ImageIO.framework/Versions/A/Resources/libTIFF.dylib
0x00007fff4db65000 	/System/Library/Frameworks/ImageIO.framework/Versions/A/Resources/libPng.dylib
0x00007fff4d79b000 	/System/Library/Frameworks/ImageIO.framework/Versions/A/Resources/libGIF.dylib
0x00007fff4d7a0000 	/System/Library/Frameworks/ImageIO.framework/Versions/A/Resources/libJP2.dylib
0x00007fff4db8c000 	/System/Library/Frameworks/ImageIO.framework/Versions/A/Resources/libRadiance.dylib
0x00007fff5aeb9000 	/System/Library/PrivateFrameworks/AppleJPEG.framework/Versions/A/AppleJPEG
0x00007fff53cd7000 	/System/Library/Frameworks/OpenGL.framework/Versions/A/Libraries/libGFXShared.dylib
0x00007fff53e9a000 	/System/Library/Frameworks/OpenGL.framework/Versions/A/Libraries/libGLU.dylib
0x00007fff53ce0000 	/System/Library/Frameworks/OpenGL.framework/Versions/A/Libraries/libGL.dylib
0x00007fff53cec000 	/System/Library/Frameworks/OpenGL.framework/Versions/A/Libraries/libGLImage.dylib
0x00007fff53cc9000 	/System/Library/Frameworks/OpenGL.framework/Versions/A/Libraries/libCVMSPluginSupport.dylib
0x00007fff53cd2000 	/System/Library/Frameworks/OpenGL.framework/Versions/A/Libraries/libCoreVMClient.dylib
0x00007fff7453e000 	/usr/lib/libcups.2.dylib
0x00007fff4ed53000 	/System/Library/Frameworks/Kerberos.framework/Versions/A/Kerberos
0x00007fff4d280000 	/System/Library/Frameworks/GSS.framework/Versions/A/GSS
0x00007fff75c51000 	/usr/lib/libresolv.9.dylib
0x00007fff74730000 	/usr/lib/libiconv.2.dylib
0x00007fff66c2a000 	/System/Library/PrivateFrameworks/Heimdal.framework/Versions/A/Heimdal
0x00007fff74700000 	/usr/lib/libheimdal-asn1.dylib
0x00007fff5336e000 	/System/Library/Frameworks/OpenDirectory.framework/Versions/A/OpenDirectory
0x00007fff5d6de000 	/System/Library/PrivateFrameworks/CommonAuth.framework/Versions/A/CommonAuth
0x00007fff53352000 	/System/Library/Frameworks/OpenDirectory.framework/Versions/A/Frameworks/CFOpenDirectory.framework/Versions/A/CFOpenDirectory
0x00007fff56412000 	/System/Library/Frameworks/SecurityFoundation.framework/Versions/A/SecurityFoundation
0x00007fff59b58000 	/System/Library/PrivateFrameworks/APFS.framework/Versions/A/APFS
0x00007fff760b2000 	/usr/lib/libutil.dylib
0x00007fff73ddb000 	/usr/lib/libcharset.1.dylib
0x00007fff5b156000 	/System/Library/PrivateFrameworks/AppleSauce.framework/Versions/A/AppleSauce
0x00007fff5b2d7000 	/System/Library/PrivateFrameworks/AssertionServices.framework/Versions/A/AssertionServices
0x00007fff5ba07000 	/System/Library/PrivateFrameworks/BaseBoard.framework/Versions/A/BaseBoard
0x00007fff74b01000 	/usr/lib/libmecab.1.0.0.dylib
0x00007fff746fa000 	/usr/lib/libgermantok.dylib
0x00007fff73bab000 	/usr/lib/libThaiTokenizer.dylib
0x00007fff73657000 	/usr/lib/libChineseTokenizer.dylib
0x00007fff68646000 	/System/Library/PrivateFrameworks/LanguageModeling.framework/Versions/A/LanguageModeling
0x00007fff5e3bf000 	/System/Library/PrivateFrameworks/CoreEmoji.framework/Versions/A/CoreEmoji
0x00007fff68722000 	/System/Library/PrivateFrameworks/Lexicon.framework/Versions/A/Lexicon
0x00007fff68765000 	/System/Library/PrivateFrameworks/LinguisticData.framework/Versions/A/LinguisticData
0x00007fff73ddc000 	/usr/lib/libcmph.dylib
0x00007fff564d0000 	/System/Library/Frameworks/ServiceManagement.framework/Versions/A/ServiceManagement
0x00007fff5b968000 	/System/Library/PrivateFrameworks/BackgroundTaskManagement.framework/Versions/A/BackgroundTaskManagement
0x00007fff761ab000 	/usr/lib/libxslt.1.dylib
0x00007fff4a1ff000 	/System/Library/Frameworks/Carbon.framework/Versions/A/Frameworks/Ink.framework/Versions/A/Ink
0x00007fff716e9000 	/System/Library/PrivateFrameworks/TextureIO.framework/Versions/A/TextureIO
0x00007fff73bff000 	/usr/lib/libate.dylib
0x00007fff5f69e000 	/System/Library/PrivateFrameworks/CrashReporterSupport.framework/Versions/A/CrashReporterSupport
0x00007fff6ee28000 	/System/Library/PrivateFrameworks/Sharing.framework/Versions/A/Sharing
0x00007fff5b6ba000 	/System/Library/PrivateFrameworks/AuthKit.framework/Versions/A/AuthKit
0x00007fff5ac0e000 	/System/Library/PrivateFrameworks/Apple80211.framework/Versions/A/Apple80211
0x00007fff5f448000 	/System/Library/PrivateFrameworks/CoreUtils.framework/Versions/A/CoreUtils
0x00007fff4c9b3000 	/System/Library/Frameworks/CoreWLAN.framework/Versions/A/CoreWLAN
0x00007fff4d3af000 	/System/Library/Frameworks/IOBluetooth.framework/Versions/A/IOBluetooth
0x00007fff6d2ac000 	/System/Library/PrivateFrameworks/ProtocolBuffer.framework/Versions/A/ProtocolBuffer
0x00007fff696c2000 	/System/Library/PrivateFrameworks/MobileKeyBag.framework/Versions/A/MobileKeyBag
0x00007fff5ec8c000 	/System/Library/PrivateFrameworks/CorePhoneNumbers.framework/Versions/A/CorePhoneNumbers
0x00007fff5ae6d000 	/System/Library/PrivateFrameworks/AppleIDAuthSupport.framework/Versions/A/AppleIDAuthSupport
0x00007fff68619000 	/System/Library/PrivateFrameworks/KeychainCircle.framework/Versions/A/KeychainCircle
0x00007fff6d462000 	/System/Library/PrivateFrameworks/ROCKit.framework/Versions/A/ROCKit
0x00007fff5f63a000 	/System/Library/PrivateFrameworks/CoreWiFi.framework/Versions/A/CoreWiFi
0x00007fff4a74a000 	/System/Library/Frameworks/CoreBluetooth.framework/Versions/A/CoreBluetooth
0x00007fff5f895000 	/System/Library/PrivateFrameworks/DebugSymbols.framework/Versions/A/DebugSymbols
0x00007fff5f208000 	/System/Library/PrivateFrameworks/CoreSymbolication.framework/Versions/A/CoreSymbolication
0x00007fff70f04000 	/System/Library/PrivateFrameworks/Symbolication.framework/Versions/A/Symbolication
0x00007fff707a7000 	/System/Library/PrivateFrameworks/SpeechRecognitionCore.framework/Versions/A/SpeechRecognitionCore
0x0000000107a00000 	/Library/Java/JavaVirtualMachines/jdk1.8.0_191.jdk/Contents/Home/jre/lib/server/libjvm.dylib
0x00007fff75f8d000 	/usr/lib/libstdc++.6.dylib
0x00000001071f0000 	/Library/Java/JavaVirtualMachines/jdk1.8.0_191.jdk/Contents/Home/jre/lib/libverify.dylib
0x00000001089b4000 	/Library/Java/JavaVirtualMachines/jdk1.8.0_191.jdk/Contents/Home/jre/lib/libjava.dylib
0x00000001089ea000 	/Library/Java/JavaVirtualMachines/jdk1.8.0_191.jdk/Contents/Home/jre/lib/libjdwp.dylib
0x0000000108a35000 	/Library/Java/JavaVirtualMachines/jdk1.8.0_191.jdk/Contents/Home/jre/lib/libnpt.dylib
0x0000000108a39000 	/Library/Java/JavaVirtualMachines/jdk1.8.0_191.jdk/Contents/Home/jre/lib/libinstrument.dylib
0x0000000108ad5000 	/Library/Java/JavaVirtualMachines/jdk1.8.0_191.jdk/Contents/Home/jre/lib/libzip.dylib
0x000000010a01c000 	/Library/Java/JavaVirtualMachines/jdk1.8.0_191.jdk/Contents/Home/jre/lib/libdt_socket.dylib
0x000000011ebe1000 	/Library/Java/JavaVirtualMachines/jdk1.8.0_191.jdk/Contents/Home/jre/lib/libnio.dylib
0x000000011ee17000 	/Library/Java/JavaVirtualMachines/jdk1.8.0_191.jdk/Contents/Home/jre/lib/./libnet.dylib
0x000000011f10c000 	/Library/Java/JavaVirtualMachines/jdk1.8.0_191.jdk/Contents/Home/jre/lib/libsunec.dylib

VM Arguments:
jvm_args: -agentlib:jdwp=transport=dt_socket,suspend=y,address=localhost:51147 -javaagent:/Applications/Eclipse.app/Contents/Eclipse/configuration/org.eclipse.osgi/231/0/.cp/lib/javaagent-shaded.jar -Dfile.encoding=UTF-8 
java_command: facebook2RDF.StarDogDBFiller
java_class_path (initial): /Users/lucas/Documents/GitHub/facebook2RDF/code/Facebook2RDF/bin:/Users/lucas/.gradle/caches/modules-2/files-2.1/org.apache.commons/commons-math3/3.6.1/e4ba98f1d4b3c80ec46392f25e094a6a2e58fcbf/commons-math3-3.6.1.jar:/Users/lucas/.gradle/caches/modules-2/files-2.1/com.complexible.stardog.stardocs.http/stardog-stardocs-protocols-http-client/4.2.4/ed31d469376f11ea4730387e6e518a248afadc2a/stardog-stardocs-protocols-http-client-4.2.4.jar:/Users/lucas/.gradle/caches/modules-2/files-2.1/com.complexible.stardog.virtual.http/stardog-virtual-protocols-http-client/4.2.4/239c30d862d17dea4cd73ada2ed79a76817b9bd6/stardog-virtual-protocols-http-client-4.2.4.jar:/Users/lucas/.gradle/caches/modules-2/files-2.1/com.complexible.stardog.search.http/stardog-search-protocols-http-client/4.2.4/1d7f919a5a9d7ef8099b5e62a9376c96fb4868e7/stardog-search-protocols-http-client-4.2.4.jar:/Users/lucas/.gradle/caches/modules-2/files-2.1/com.complexible.stardog.reasoning.http/stardog-reasoning-protocols-http-client/4.2.4/c443fddcbe1287d6414ab7452fae2ec9fa02fddc/stardog-reasoning-protocols-http-client-4.2.4.jar:/Users/lucas/.gradle/caches/modules-2/files-2.1/com.complexible.stardog.watchdog.http/stardog-watchdog-protocols-http-client/4.2.4/a47db8ae7581b2cfe228e10d00b300eb08cac50b/stardog-watchdog-protocols-http-client-4.2.4.jar:/Users/lucas/.gradle/caches/modules-2/files-2.1/com.complexible.stardog.versioning.http/stardog-versioning-protocols-http-client/4.2.4/862511c656468f1d18392830e3f5f89e3e9dff47/stardog-versioning-protocols-http-client-4.2.4.jar:/Users/lucas/.gradle/caches/modules-2/files-2.1/com.complexible.stardog.icv.http/stardog-icv-protocols-http-client/4.2.4/83b40c00c832974cc544ed9f0b8032039de2a4ca/stardog-icv-protocols-http-client-4.2.4.jar:/Users/lucas/.gradle/caches/modules-2/files-2.1/com.complexible.stardog.protocols.http/stardog-protocols-http-client/4.2.4/83ca018d6ea91e30e571ace60d72ed44715e4bef/stardog-protocols-http-client-4.2.4.jar:/Users/lucas/.grad
Launcher Type: SUN_STANDARD

Environment Variables:
PATH=/usr/bin:/bin:/usr/sbin:/sbin
SHELL=/bin/bash
DISPLAY=/private/tmp/com.apple.launchd.8EaHgCwVex/org.macosforge.xquartz:0

Signal Handlers:
SIGSEGV: [libjvm.dylib+0x5b5de9], sa_mask[0]=11111111011111110111111111111111, sa_flags=SA_ONSTACK|SA_RESTART|SA_SIGINFO
SIGBUS: [libjvm.dylib+0x5b5de9], sa_mask[0]=11111111011111110111111111111111, sa_flags=SA_RESTART|SA_SIGINFO
SIGFPE: [libjvm.dylib+0x48b6b0], sa_mask[0]=11111111011111110111111111111111, sa_flags=SA_RESTART|SA_SIGINFO
SIGPIPE: [libjvm.dylib+0x48b6b0], sa_mask[0]=11111111011111110111111111111111, sa_flags=SA_RESTART|SA_SIGINFO
SIGXFSZ: [libjvm.dylib+0x48b6b0], sa_mask[0]=11111111011111110111111111111111, sa_flags=SA_RESTART|SA_SIGINFO
SIGILL: [libjvm.dylib+0x48b6b0], sa_mask[0]=11111111011111110111111111111111, sa_flags=SA_RESTART|SA_SIGINFO
SIGUSR1: SIG_DFL, sa_mask[0]=00000000000000000000000000000000, sa_flags=none
SIGUSR2: [libjvm.dylib+0x48b1ce], sa_mask[0]=00100000000000000000000000000000, sa_flags=SA_RESTART|SA_SIGINFO
SIGHUP: [libjvm.dylib+0x489759], sa_mask[0]=11111111011111110111111111111111, sa_flags=SA_RESTART|SA_SIGINFO
SIGINT: [libjvm.dylib+0x489759], sa_mask[0]=11111111011111110111111111111111, sa_flags=SA_RESTART|SA_SIGINFO
SIGTERM: [libjvm.dylib+0x489759], sa_mask[0]=11111111011111110111111111111111, sa_flags=SA_RESTART|SA_SIGINFO
SIGQUIT: [libjvm.dylib+0x489759], sa_mask[0]=11111111011111110111111111111111, sa_flags=SA_RESTART|SA_SIGINFO


---------------  S Y S T E M  ---------------

OS:Bsduname:Darwin 18.6.0 Darwin Kernel Version 18.6.0: Thu Apr 25 23:16:27 PDT 2019; root:xnu-4903.261.4~2/RELEASE_X86_64 x86_64
rlimit: STACK 8192k, CORE 0k, NPROC 709, NOFILE 10240, AS infinity
load average:2.54 2.75 2.83

CPU:total 4 (initial active 4) (2 cores per cpu, 2 threads per core) family 6 model 61 stepping 4, cmov, cx8, fxsr, mmx, sse, sse2, sse3, ssse3, sse4.1, sse4.2, popcnt, avx, avx2, aes, clmul, erms, rtm, 3dnowpref, lzcnt, ht, tsc, tscinvbit, bmi1, bmi2, adx

Memory: 4k page, physical 8388608k(19784k free)

/proc/meminfo:


vm_info: Java HotSpot(TM) 64-Bit Server VM (25.191-b12) for bsd-amd64 JRE (1.8.0_191-b12), built on Oct  6 2018 08:37:07 by "java_re" with gcc 4.2.1 (Based on Apple Inc. build 5658) (LLVM build 2336.11.00)

time: Thu Apr  2 15:19:25 2020
elapsed time: 3362 seconds (0d 0h 56m 2s)

