#
# A fatal error has been detected by the Java Runtime Environment:
#
#  SIGSEGV (0xb) at pc=0x000000010fde7044, pid=5243, tid=0x0000000000002d03
#
# JRE version: Java(TM) SE Runtime Environment (8.0_191-b12) (build 1.8.0_191-b12)
# Java VM: Java HotSpot(TM) 64-Bit Server VM (25.191-b12 mixed mode bsd-amd64 compressed oops)
# Problematic frame:
# V  [libjvm.dylib+0x39c044]
#
# Failed to write core dump. Core dumps have been disabled. To enable core dumping, try "ulimit -c unlimited" before starting Java again
#
# If you would like to submit a bug report, please visit:
#   http://bugreport.java.com/bugreport/crash.jsp
#

---------------  T H R E A D  ---------------

Current thread (0x00007f90c6031800):  VMThread [stack: 0x0000700001f8c000,0x000070000208c000] [id=11523]

siginfo: si_signo: 11 (SIGSEGV), si_code: 1 (SEGV_MAPERR), si_addr: 0x000000ca1261e2da

Registers:
RAX=0x000000011261df98, RBX=0x00000001129d16e0, RCX=0x0000000000000002, RDX=0x000000ca1261e2b8
RSP=0x000070000208bb00, RBP=0x000070000208bb80, RSI=0x0000000000000032, RDI=0x000000011263e4c8
R8 =0x0000000000000006, R9 =0x00000000bfffffff, R10=0x00007f90c4700000, R11=0x0000000000000015
R12=0x0000000000000011, R13=0x0000000000000000, R14=0x00000001129cf810, R15=0x000000011261e378
RIP=0x000000010fde7044, EFLAGS=0x0000000000010202, ERR=0x0000000000000004
  TRAPNO=0x000000000000000e

Top of Stack: (sp=0x000070000208bb00)
0x000070000208bb00:   0100000000000000 0000000000000000
0x000070000208bb10:   0000700002497980 0000000000000000
0x000070000208bb20:   00000007c007f060 000000010fe9e11e
0x000070000208bb30:   00007f90c44140b8 00000001102a5260
0x000070000208bb40:   000070000208bb60 000000010fde73ac
0x000070000208bb50:   00007f90c473e390 0000700002497920
0x000070000208bb60:   0000000000000011 0000000000000000
0x000070000208bb70:   0000000000000000 00000001102a5260
0x000070000208bb80:   000070000208bbc0 0000000110008259
0x000070000208bb90:   00007f90c460d850 00007f90c440d650
0x000070000208bba0:   00007f90c440d660 00007f90c440da38
0x000070000208bbb0:   00000000000003d8 0000700002497920
0x000070000208bbc0:   000070000208bc60 00000001100067f1
0x000070000208bbd0:   0000000000000000 0000000000000000
0x000070000208bbe0:   0000000000000000 0000000000000000
0x000070000208bbf0:   0000000000000000 0000012a353ff9b1
0x000070000208bc00:   000070000208bc01 00007f90c460e920
0x000070000208bc10:   0000000000000000 00007f90c460d850
0x000070000208bc20:   00007f90c440d650 00007f90c440d660
0x000070000208bc30:   00007f90c440da38 00000000000003d8
0x000070000208bc40:   00007f90c6031800 0000000000000000
0x000070000208bc50:   0000000110344150 000000011033b210
0x000070000208bc60:   000070000208be40 0000000110006c3e
0x000070000208bc70:   0000000000000000 0000000000000000
0x000070000208bc80:   0000700000000014 000070000208c000
0x000070000208bc90:   000070000208be08 000070000208c000
0x000070000208bca0:   0000000000001400 000000010fed9f5a
0x000070000208bcb0:   00007f90c4604ad0 0000000200000000
0x000070000208bcc0:   000070000208bcc8 6e69747563657845
0x000070000208bcd0:   65706f204d562067 203a6e6f69746172
0x000070000208bce0:   724265676e616843 746e696f706b6165
0x000070000208bcf0:   6500656e6f640073 00656e6f64207200 

Instructions: (pc=0x000000010fde7044)
0x000000010fde7024:   00 8b 08 ff c9 85 c9 0f 88 45 01 00 00 48 63 d1
0x000000010fde7034:   4c 8b 7c d0 08 41 f6 47 2b 10 74 e7 49 8b 57 08
0x000000010fde7044:   0f b7 72 22 48 8b 7a 08 4c 39 74 f7 50 75 d4 0f
0x000000010fde7054:   b7 52 24 48 39 5c d7 50 75 c9 48 8d 05 a3 3f 55 

Register to memory mapping:

RAX=0x000000011261df98 is pointing into metadata
RBX=0x00000001129d16e0 is an unknown value
RCX=0x0000000000000002 is an unknown value
RDX=0x000000ca1261e2b8 is an unknown value
RSP=0x000070000208bb00 is an unknown value
RBP=0x000070000208bb80 is an unknown value
RSI=0x0000000000000032 is an unknown value
RDI=0x000000011263e4c8 is pointing into metadata
R8 =0x0000000000000006 is an unknown value
R9 =0x00000000bfffffff is an unknown value
R10=0x00007f90c4700000 is an unknown value
R11=0x0000000000000015 is an unknown value
R12=0x0000000000000011 is an unknown value
R13=0x0000000000000000 is an unknown value
R14=0x00000001129cf810 is an unknown value
R15={method} {0x000000011261e378} 
[error occurred during error reporting (printing register info), id 0xb]

Stack: [0x0000700001f8c000,0x000070000208c000],  sp=0x000070000208bb00,  free space=1022k
Native frames: (J=compiled Java code, j=interpreted, Vv=VM code, C=native code)
V  [libjvm.dylib+0x39c044]
V  [libjvm.dylib+0x5bd259]
V  [libjvm.dylib+0x5bb7f1]
V  [libjvm.dylib+0x5bbc3e]
V  [libjvm.dylib+0x5bb55d]
V  [libjvm.dylib+0x48e0be]
C  [libsystem_pthread.dylib+0x32eb]  _pthread_body+0x7e
C  [libsystem_pthread.dylib+0x6249]  _pthread_start+0x42
C  [libsystem_pthread.dylib+0x240d]  thread_start+0xd

VM_Operation (0x0000700002497920): ChangeBreakpoints, mode: safepoint, requested by thread 0x00007f90c6037000


---------------  P R O C E S S  ---------------

Java Threads: ( => current thread )
  0x00007f90c5aa8000 JavaThread "Service Thread" daemon [_thread_blocked, id=16643, stack(0x00007000029aa000,0x0000700002aaa000)]
  0x00007f90c4993000 JavaThread "C1 CompilerThread2" daemon [_thread_blocked, id=16131, stack(0x00007000028a7000,0x00007000029a7000)]
  0x00007f90c5aa7000 JavaThread "C2 CompilerThread1" daemon [_thread_blocked, id=15619, stack(0x00007000027a4000,0x00007000028a4000)]
  0x00007f90c5a9b800 JavaThread "C2 CompilerThread0" daemon [_thread_blocked, id=15107, stack(0x00007000026a1000,0x00007000027a1000)]
  0x00007f90c5813000 JavaThread "JDWP Command Reader" daemon [_thread_in_native, id=14851, stack(0x000070000259e000,0x000070000269e000)]
  0x00007f90c6043800 JavaThread "JDWP Event Helper Thread" daemon [_thread_blocked, id=14595, stack(0x000070000249b000,0x000070000259b000)]
  0x00007f90c6037000 JavaThread "JDWP Transport Listener: dt_socket" daemon [_thread_blocked, id=19207, stack(0x0000700002398000,0x0000700002498000)]
  0x00007f90c501c800 JavaThread "Signal Dispatcher" daemon [_thread_blocked, id=13827, stack(0x0000700002295000,0x0000700002395000)]
  0x00007f90c5811000 JavaThread "Finalizer" daemon [_thread_blocked, id=12035, stack(0x0000700002192000,0x0000700002292000)]
  0x00007f90c482d000 JavaThread "Reference Handler" daemon [_thread_blocked, id=20739, stack(0x000070000208f000,0x000070000218f000)]
  0x00007f90c6004800 JavaThread "main" [_thread_blocked, id=3075, stack(0x00007000019fa000,0x0000700001afa000)]

Other Threads:
=>0x00007f90c6031800 VMThread [stack: 0x0000700001f8c000,0x000070000208c000] [id=11523]
  0x00007f90c4994000 WatcherThread [stack: 0x0000700002aad000,0x0000700002bad000] [id=18435]

VM state:at safepoint (normal execution)

VM Mutex/Monitor currently owned by a thread:  ([mutex/lock_event])
[0x00007f90c46049d0] Threads_lock - owner thread: 0x00007f90c6031800

Heap:
 PSYoungGen      total 38400K, used 10055K [0x0000000795580000, 0x0000000798000000, 0x00000007c0000000)
  eden space 33280K, 30% used [0x0000000795580000,0x0000000795f51c38,0x0000000797600000)
  from space 5120K, 0% used [0x0000000797b00000,0x0000000797b00000,0x0000000798000000)
  to   space 5120K, 0% used [0x0000000797600000,0x0000000797600000,0x0000000797b00000)
 ParOldGen       total 87552K, used 0K [0x0000000740000000, 0x0000000745580000, 0x0000000795580000)
  object space 87552K, 0% used [0x0000000740000000,0x0000000740000000,0x0000000745580000)
 Metaspace       used 5034K, capacity 5138K, committed 5248K, reserved 1056768K
  class space    used 524K, capacity 561K, committed 640K, reserved 1048576K

Card table byte_map: [0x00000001116f9000,0x0000000111afa000] byte_map_base: 0x000000010dcf9000

Marking Bits: (ParMarkBitMap*) 0x0000000110344e00
 Begin Bits: [0x0000000123854000, 0x0000000125854000)
 End Bits:   [0x0000000125854000, 0x0000000127854000)

Polling page: 0x00000001109ff000

CodeCache: size=245760Kb used=1450Kb max_used=1450Kb free=244309Kb
 bounds [0x0000000114854000, 0x0000000114ac4000, 0x0000000123854000]
 total_blobs=462 nmethods=180 adapters=204
 compilation: enabled

Compilation events (10 events):
Event: 813.832 Thread 0x00007f90c4993000  176       3       org.eclipse.jdt.launching.internal.org.objectweb.asm.SymbolTable::addConstantMemberReference (147 bytes)
Event: 813.833 Thread 0x00007f90c4993000 nmethod 176 0x00000001149bc4d0 code [0x00000001149bc720, 0x00000001149bd4e8]
Event: 813.833 Thread 0x00007f90c4993000  177       3       org.eclipse.jdt.launching.internal.org.objectweb.asm.SymbolTable::hash (20 bytes)
Event: 813.833 Thread 0x00007f90c4993000 nmethod 177 0x00000001149bbe10 code [0x00000001149bbfa0, 0x00000001149bc328]
Event: 1280.635 Thread 0x00007f90c4993000  178       3       org.eclipse.jdt.launching.internal.org.objectweb.asm.MethodWriter::visitLabel (328 bytes)
Event: 1280.639 Thread 0x00007f90c4993000 nmethod 178 0x00000001149be250 code [0x00000001149be460, 0x00000001149befb8]
Event: 1280.639 Thread 0x00007f90c4993000  179       3       org.eclipse.jdt.launching.internal.org.objectweb.asm.Label::resolve (219 bytes)
Event: 1280.640 Thread 0x00007f90c4993000 nmethod 179 0x00000001149bb150 code [0x00000001149bb300, 0x00000001149bb870]
Event: 1280.648 Thread 0x00007f90c4993000  180       3       java.util.Arrays::copyOf (13 bytes)
Event: 1280.649 Thread 0x00007f90c4993000 nmethod 180 0x00000001149bf3d0 code [0x00000001149bf540, 0x00000001149bf768]

GC Heap History (0 events):
No events

Deoptimization events (0 events):
No events

Classes redefined (8 events):
Event: 122.298 Thread 0x00007f90c6031800 redefined class name=facebook2RDF.StarDogDBFiller, count=1
Event: 394.699 Thread 0x00007f90c6031800 redefined class name=facebook2RDF.StarDogDBFiller, count=2
Event: 453.468 Thread 0x00007f90c6031800 redefined class name=facebook2RDF.StarDogDBFiller, count=3
Event: 521.208 Thread 0x00007f90c6031800 redefined class name=facebook2RDF.StarDogDBFiller, count=4
Event: 546.420 Thread 0x00007f90c6031800 redefined class name=facebook2RDF.StarDogDBFiller, count=5
Event: 783.057 Thread 0x00007f90c6031800 redefined class name=facebook2RDF.StarDogDBFiller, count=6
Event: 813.831 Thread 0x00007f90c6031800 redefined class name=facebook2RDF.StarDogDBFiller, count=7
Event: 1280.657 Thread 0x00007f90c6031800 redefined class name=facebook2RDF.StarDogDBFiller, count=8

Internal exceptions (10 events):
Event: 0.389 Thread 0x00007f90c6004800 Exception <a 'java/security/PrivilegedActionException'> (0x000000079581d110) thrown at [/Users/java_re/workspace/8-2-build-macosx-x86_64/jdk8u191/11896/hotspot/src/share/vm/prims/jvm.cpp, line 1435]
Event: 0.389 Thread 0x00007f90c6004800 Exception <a 'java/security/PrivilegedActionException'> (0x000000079581d320) thrown at [/Users/java_re/workspace/8-2-build-macosx-x86_64/jdk8u191/11896/hotspot/src/share/vm/prims/jvm.cpp, line 1435]
Event: 0.390 Thread 0x00007f90c6004800 Exception <a 'java/security/PrivilegedActionException'> (0x000000079581e5f8) thrown at [/Users/java_re/workspace/8-2-build-macosx-x86_64/jdk8u191/11896/hotspot/src/share/vm/prims/jvm.cpp, line 1435]
Event: 0.390 Thread 0x00007f90c6004800 Exception <a 'java/security/PrivilegedActionException'> (0x000000079581e808) thrown at [/Users/java_re/workspace/8-2-build-macosx-x86_64/jdk8u191/11896/hotspot/src/share/vm/prims/jvm.cpp, line 1435]
Event: 0.390 Thread 0x00007f90c6004800 Exception <a 'java/security/PrivilegedActionException'> (0x000000079581fbc8) thrown at [/Users/java_re/workspace/8-2-build-macosx-x86_64/jdk8u191/11896/hotspot/src/share/vm/prims/jvm.cpp, line 1435]
Event: 0.390 Thread 0x00007f90c6004800 Exception <a 'java/security/PrivilegedActionException'> (0x000000079581fdd8) thrown at [/Users/java_re/workspace/8-2-build-macosx-x86_64/jdk8u191/11896/hotspot/src/share/vm/prims/jvm.cpp, line 1435]
Event: 0.390 Thread 0x00007f90c6004800 Exception <a 'java/security/PrivilegedActionException'> (0x0000000795821188) thrown at [/Users/java_re/workspace/8-2-build-macosx-x86_64/jdk8u191/11896/hotspot/src/share/vm/prims/jvm.cpp, line 1435]
Event: 0.390 Thread 0x00007f90c6004800 Exception <a 'java/security/PrivilegedActionException'> (0x0000000795821398) thrown at [/Users/java_re/workspace/8-2-build-macosx-x86_64/jdk8u191/11896/hotspot/src/share/vm/prims/jvm.cpp, line 1435]
Event: 0.390 Thread 0x00007f90c6004800 Exception <a 'java/security/PrivilegedActionException'> (0x0000000795822708) thrown at [/Users/java_re/workspace/8-2-build-macosx-x86_64/jdk8u191/11896/hotspot/src/share/vm/prims/jvm.cpp, line 1435]
Event: 0.390 Thread 0x00007f90c6004800 Exception <a 'java/security/PrivilegedActionException'> (0x0000000795822918) thrown at [/Users/java_re/workspace/8-2-build-macosx-x86_64/jdk8u191/11896/hotspot/src/share/vm/prims/jvm.cpp, line 1435]

Events (10 events):
Event: 1280.637 loading class org/eclipse/jdt/launching/internal/org/objectweb/asm/Handle done
Event: 1280.655 Executing VM operation: RedefineClasses
Event: 1280.657 Executing VM operation: RedefineClasses done
Event: 1280.667 Executing VM operation: ChangeBreakpoints
Event: 1280.669 Executing VM operation: ChangeBreakpoints done
Event: 1280.682 Executing VM operation: ChangeBreakpoints
Event: 1280.682 Executing VM operation: ChangeBreakpoints done
Event: 1280.784 Executing VM operation: ChangeBreakpoints
Event: 1280.785 Executing VM operation: ChangeBreakpoints done
Event: 1280.794 Executing VM operation: ChangeBreakpoints


Dynamic libraries:
0x00007fff4a3fa000 	/System/Library/Frameworks/Cocoa.framework/Versions/A/Cocoa
0x00007fff56112000 	/System/Library/Frameworks/Security.framework/Versions/A/Security
0x00007fff4908f000 	/System/Library/Frameworks/ApplicationServices.framework/Versions/A/ApplicationServices
0x00007fff761d4000 	/usr/lib/libz.1.dylib
0x00007fff73b2e000 	/usr/lib/libSystem.B.dylib
0x00007fff75365000 	/usr/lib/libobjc.A.dylib
0x00007fff4abe2000 	/System/Library/Frameworks/CoreFoundation.framework/Versions/A/CoreFoundation
0x00007fff4ce64000 	/System/Library/Frameworks/Foundation.framework/Versions/C/Foundation
0x00007fff48288000 	/System/Library/Frameworks/AppKit.framework/Versions/C/AppKit
0x00007fff4a775000 	/System/Library/Frameworks/CoreData.framework/Versions/A/CoreData
0x00007fff6d601000 	/System/Library/PrivateFrameworks/RemoteViewServices.framework/Versions/A/RemoteViewServices
0x00007fff7186e000 	/System/Library/PrivateFrameworks/UIFoundation.framework/Versions/A/UIFoundation
0x00007fff72f50000 	/System/Library/PrivateFrameworks/XCTTargetBootstrap.framework/Versions/A/XCTTargetBootstrap
0x00007fff4aafa000 	/System/Library/Frameworks/CoreDisplay.framework/Versions/A/CoreDisplay
0x00007fff68358000 	/System/Library/PrivateFrameworks/IconServices.framework/Versions/A/IconServices
0x00007fff4f788000 	/System/Library/Frameworks/Metal.framework/Versions/A/Metal
0x00007fff5f8d3000 	/System/Library/PrivateFrameworks/DesktopServicesPriv.framework/Versions/A/DesktopServicesPriv
0x00007fff746c8000 	/usr/lib/libenergytrace.dylib
0x00007fff6fd57000 	/System/Library/PrivateFrameworks/SkyLight.framework/Versions/A/SkyLight
0x00007fff4b028000 	/System/Library/Frameworks/CoreGraphics.framework/Versions/A/CoreGraphics
0x00007fff47054000 	/System/Library/Frameworks/Accelerate.framework/Versions/A/Accelerate
0x00007fff4d5ac000 	/System/Library/Frameworks/IOSurface.framework/Versions/A/IOSurface
0x00007fff5f73f000 	/System/Library/PrivateFrameworks/DFRFoundation.framework/Versions/A/DFRFoundation
0x00007fff49572000 	/System/Library/Frameworks/AudioToolbox.framework/Versions/A/AudioToolbox
0x00007fff497eb000 	/System/Library/Frameworks/AudioUnit.framework/Versions/A/AudioUnit
0x00007fff5f7d4000 	/System/Library/PrivateFrameworks/DataDetectorsCore.framework/Versions/A/DataDetectorsCore
0x00007fff49efe000 	/System/Library/Frameworks/Carbon.framework/Versions/A/Frameworks/HIToolbox.framework/Versions/A/HIToolbox
0x00007fff74821000 	/usr/lib/libicucore.A.dylib
0x00007fff55687000 	/System/Library/Frameworks/QuartzCore.framework/Versions/A/QuartzCore
0x00007fff4a2d2000 	/System/Library/Frameworks/Carbon.framework/Versions/A/Frameworks/SpeechRecognition.framework/Versions/A/SpeechRecognition
0x00007fff73c82000 	/usr/lib/libauto.dylib
0x00007fff760c8000 	/usr/lib/libxml2.2.dylib
0x00007fff5f31c000 	/System/Library/PrivateFrameworks/CoreUI.framework/Versions/A/CoreUI
0x00007fff4a660000 	/System/Library/Frameworks/CoreAudio.framework/Versions/A/CoreAudio
0x00007fff4cc99000 	/System/Library/Frameworks/DiskArbitration.framework/Versions/A/DiskArbitration
0x00007fff74acf000 	/usr/lib/liblangid.dylib
0x00007fff69766000 	/System/Library/PrivateFrameworks/MultitouchSupport.framework/Versions/A/MultitouchSupport
0x00007fff4d51b000 	/System/Library/Frameworks/IOKit.framework/Versions/A/IOKit
0x00007fff736ef000 	/usr/lib/libDiagnosticMessagesClient.dylib
0x00007fff4be37000 	/System/Library/Frameworks/CoreServices.framework/Versions/A/CoreServices
0x00007fff6b40d000 	/System/Library/PrivateFrameworks/PerformanceAnalysis.framework/Versions/A/PerformanceAnalysis
0x00007fff54875000 	/System/Library/Frameworks/OpenGL.framework/Versions/A/OpenGL
0x00007fff4a408000 	/System/Library/Frameworks/ColorSync.framework/Versions/A/ColorSync
0x00007fff4b6b9000 	/System/Library/Frameworks/CoreImage.framework/Versions/A/CoreImage
0x00007fff4c810000 	/System/Library/Frameworks/CoreText.framework/Versions/A/CoreText
0x00007fff4d60f000 	/System/Library/Frameworks/ImageIO.framework/Versions/A/ImageIO
0x00007fff5b971000 	/System/Library/PrivateFrameworks/Backup.framework/Versions/A/Backup
0x00007fff73bd5000 	/usr/lib/libarchive.2.dylib
0x00007fff49b43000 	/System/Library/Frameworks/CFNetwork.framework/Versions/A/CFNetwork
0x00007fff5686c000 	/System/Library/Frameworks/SystemConfiguration.framework/Versions/A/SystemConfiguration
0x00007fff73620000 	/usr/lib/libCRFSuite.dylib
0x00007fff73d71000 	/usr/lib/libc++.1.dylib
0x00007fff73dc5000 	/usr/lib/libc++abi.dylib
0x00007fff769ca000 	/usr/lib/system/libcache.dylib
0x00007fff769cf000 	/usr/lib/system/libcommonCrypto.dylib
0x00007fff769da000 	/usr/lib/system/libcompiler_rt.dylib
0x00007fff769e2000 	/usr/lib/system/libcopyfile.dylib
0x00007fff769ec000 	/usr/lib/system/libcorecrypto.dylib
0x00007fff76af7000 	/usr/lib/system/libdispatch.dylib
0x00007fff76b31000 	/usr/lib/system/libdyld.dylib
0x00007fff76b5e000 	/usr/lib/system/libkeymgr.dylib
0x00007fff76b6c000 	/usr/lib/system/liblaunch.dylib
0x00007fff76b6d000 	/usr/lib/system/libmacho.dylib
0x00007fff76b73000 	/usr/lib/system/libquarantine.dylib
0x00007fff76b76000 	/usr/lib/system/libremovefile.dylib
0x00007fff76b78000 	/usr/lib/system/libsystem_asl.dylib
0x00007fff76b90000 	/usr/lib/system/libsystem_blocks.dylib
0x00007fff76b91000 	/usr/lib/system/libsystem_c.dylib
0x00007fff76c19000 	/usr/lib/system/libsystem_configuration.dylib
0x00007fff76c1d000 	/usr/lib/system/libsystem_coreservices.dylib
0x00007fff76c21000 	/usr/lib/system/libsystem_darwin.dylib
0x00007fff76c28000 	/usr/lib/system/libsystem_dnssd.dylib
0x00007fff76c2f000 	/usr/lib/system/libsystem_info.dylib
0x00007fff76ca4000 	/usr/lib/system/libsystem_m.dylib
0x00007fff76cf0000 	/usr/lib/system/libsystem_malloc.dylib
0x00007fff76d1b000 	/usr/lib/system/libsystem_networkextension.dylib
0x00007fff76d26000 	/usr/lib/system/libsystem_notify.dylib
0x00007fff76d43000 	/usr/lib/system/libsystem_sandbox.dylib
0x00007fff76d47000 	/usr/lib/system/libsystem_secinit.dylib
0x00007fff76c7b000 	/usr/lib/system/libsystem_kernel.dylib
0x00007fff76d2e000 	/usr/lib/system/libsystem_platform.dylib
0x00007fff76d38000 	/usr/lib/system/libsystem_pthread.dylib
0x00007fff76d4a000 	/usr/lib/system/libsystem_symptoms.dylib
0x00007fff76d52000 	/usr/lib/system/libsystem_trace.dylib
0x00007fff76d69000 	/usr/lib/system/libunwind.dylib
0x00007fff76d6f000 	/usr/lib/system/libxpc.dylib
0x00007fff73d52000 	/usr/lib/libbsm.0.dylib
0x00007fff76b5f000 	/usr/lib/system/libkxld.dylib
0x00007fff5ad62000 	/System/Library/PrivateFrameworks/AppleFSCompression.framework/Versions/A/AppleFSCompression
0x00007fff739ee000 	/usr/lib/libOpenScriptingUtil.dylib
0x00007fff7407a000 	/usr/lib/libcoretls.dylib
0x00007fff74091000 	/usr/lib/libcoretls_cfhelpers.dylib
0x00007fff75afc000 	/usr/lib/libpam.2.dylib
0x00007fff75cbc000 	/usr/lib/libsqlite3.dylib
0x00007fff760b6000 	/usr/lib/libxar.1.dylib
0x00007fff73d63000 	/usr/lib/libbz2.1.0.dylib
0x00007fff74ad1000 	/usr/lib/liblzma.5.dylib
0x00007fff74f82000 	/usr/lib/libnetwork.dylib
0x00007fff73bbe000 	/usr/lib/libapple_nghttp2.dylib
0x00007fff75b03000 	/usr/lib/libpcap.A.dylib
0x00007fff4c1d6000 	/System/Library/Frameworks/CoreServices.framework/Versions/A/Frameworks/FSEvents.framework/Versions/A/FSEvents
0x00007fff4beb5000 	/System/Library/Frameworks/CoreServices.framework/Versions/A/Frameworks/CarbonCore.framework/Versions/A/CarbonCore
0x00007fff4c392000 	/System/Library/Frameworks/CoreServices.framework/Versions/A/Frameworks/Metadata.framework/Versions/A/Metadata
0x00007fff4c431000 	/System/Library/Frameworks/CoreServices.framework/Versions/A/Frameworks/OSServices.framework/Versions/A/OSServices
0x00007fff4c47c000 	/System/Library/Frameworks/CoreServices.framework/Versions/A/Frameworks/SearchKit.framework/Versions/A/SearchKit
0x00007fff4be38000 	/System/Library/Frameworks/CoreServices.framework/Versions/A/Frameworks/AE.framework/Versions/A/AE
0x00007fff4c1df000 	/System/Library/Frameworks/CoreServices.framework/Versions/A/Frameworks/LaunchServices.framework/Versions/A/LaunchServices
0x00007fff4c18d000 	/System/Library/Frameworks/CoreServices.framework/Versions/A/Frameworks/DictionaryServices.framework/Versions/A/DictionaryServices
0x00007fff4c4e4000 	/System/Library/Frameworks/CoreServices.framework/Versions/A/Frameworks/SharedFileList.framework/Versions/A/SharedFileList
0x00007fff50850000 	/System/Library/Frameworks/NetFS.framework/Versions/A/NetFS
0x00007fff699cc000 	/System/Library/PrivateFrameworks/NetAuth.framework/Versions/A/NetAuth
0x00007fff73354000 	/System/Library/PrivateFrameworks/login.framework/Versions/A/Frameworks/loginsupport.framework/Versions/A/loginsupport
0x00007fff71477000 	/System/Library/PrivateFrameworks/TCC.framework/Versions/A/TCC
0x00007fff5e979000 	/System/Library/PrivateFrameworks/CoreNLP.framework/Versions/A/CoreNLP
0x00007fff6945f000 	/System/Library/PrivateFrameworks/MetadataUtilities.framework/Versions/A/MetadataUtilities
0x00007fff74ba6000 	/usr/lib/libmecabra.dylib
0x00007fff49090000 	/System/Library/Frameworks/ApplicationServices.framework/Versions/A/Frameworks/ATS.framework/Versions/A/ATS
0x00007fff493df000 	/System/Library/Frameworks/ApplicationServices.framework/Versions/A/Frameworks/ColorSyncLegacy.framework/Versions/A/ColorSyncLegacy
0x00007fff4947e000 	/System/Library/Frameworks/ApplicationServices.framework/Versions/A/Frameworks/HIServices.framework/Versions/A/HIServices
0x00007fff494d1000 	/System/Library/Frameworks/ApplicationServices.framework/Versions/A/Frameworks/LangAnalysis.framework/Versions/A/LangAnalysis
0x00007fff494e1000 	/System/Library/Frameworks/ApplicationServices.framework/Versions/A/Frameworks/PrintCore.framework/Versions/A/PrintCore
0x00007fff4952b000 	/System/Library/Frameworks/ApplicationServices.framework/Versions/A/Frameworks/QD.framework/Versions/A/QD
0x00007fff49565000 	/System/Library/Frameworks/ApplicationServices.framework/Versions/A/Frameworks/SpeechSynthesis.framework/Versions/A/SpeechSynthesis
0x00007fff73ded000 	/usr/lib/libcompression.dylib
0x00007fff4fa58000 	/System/Library/Frameworks/MetalPerformanceShaders.framework/Versions/A/MetalPerformanceShaders
0x00007fff4706c000 	/System/Library/Frameworks/Accelerate.framework/Versions/A/Frameworks/vImage.framework/Versions/A/vImage
0x00007fff480e6000 	/System/Library/Frameworks/Accelerate.framework/Versions/A/Frameworks/vecLib.framework/Versions/A/vecLib
0x00007fff48032000 	/System/Library/Frameworks/Accelerate.framework/Versions/A/Frameworks/vecLib.framework/Versions/A/libvMisc.dylib
0x00007fff47e4a000 	/System/Library/Frameworks/Accelerate.framework/Versions/A/Frameworks/vecLib.framework/Versions/A/libvDSP.dylib
0x00007fff47706000 	/System/Library/Frameworks/Accelerate.framework/Versions/A/Frameworks/vecLib.framework/Versions/A/libBLAS.dylib
0x00007fff479f3000 	/System/Library/Frameworks/Accelerate.framework/Versions/A/Frameworks/vecLib.framework/Versions/A/libLAPACK.dylib
0x00007fff47d9d000 	/System/Library/Frameworks/Accelerate.framework/Versions/A/Frameworks/vecLib.framework/Versions/A/libLinearAlgebra.dylib
0x00007fff47e36000 	/System/Library/Frameworks/Accelerate.framework/Versions/A/Frameworks/vecLib.framework/Versions/A/libSparseBLAS.dylib
0x00007fff47db3000 	/System/Library/Frameworks/Accelerate.framework/Versions/A/Frameworks/vecLib.framework/Versions/A/libQuadrature.dylib
0x00007fff47980000 	/System/Library/Frameworks/Accelerate.framework/Versions/A/Frameworks/vecLib.framework/Versions/A/libBNNS.dylib
0x00007fff47db9000 	/System/Library/Frameworks/Accelerate.framework/Versions/A/Frameworks/vecLib.framework/Versions/A/libSparse.dylib
0x00007fff65cbb000 	/System/Library/PrivateFrameworks/GPUWrangler.framework/Versions/A/GPUWrangler
0x00007fff67f8d000 	/System/Library/PrivateFrameworks/IOAccelerator.framework/Versions/A/IOAccelerator
0x00007fff67f98000 	/System/Library/PrivateFrameworks/IOPresentment.framework/Versions/A/IOPresentment
0x00007fff5f74f000 	/System/Library/PrivateFrameworks/DSExternalDisplay.framework/Versions/A/DSExternalDisplay
0x00007fff53ccc000 	/System/Library/Frameworks/OpenGL.framework/Versions/A/Libraries/libCoreFSCache.dylib
0x00007fff4f84c000 	/System/Library/Frameworks/MetalPerformanceShaders.framework/Frameworks/MPSCore.framework/Versions/A/MPSCore
0x00007fff4f86c000 	/System/Library/Frameworks/MetalPerformanceShaders.framework/Frameworks/MPSImage.framework/Versions/A/MPSImage
0x00007fff4f911000 	/System/Library/Frameworks/MetalPerformanceShaders.framework/Frameworks/MPSNeuralNetwork.framework/Versions/A/MPSNeuralNetwork
0x00007fff4f8e9000 	/System/Library/Frameworks/MetalPerformanceShaders.framework/Frameworks/MPSMatrix.framework/Versions/A/MPSMatrix
0x00007fff4fa3d000 	/System/Library/Frameworks/MetalPerformanceShaders.framework/Frameworks/MPSRayIntersector.framework/Versions/A/MPSRayIntersector
0x00007fff69488000 	/System/Library/PrivateFrameworks/MetalTools.framework/Versions/A/MetalTools
0x00007fff5a60f000 	/System/Library/PrivateFrameworks/AggregateDictionary.framework/Versions/A/AggregateDictionary
0x00007fff739cf000 	/usr/lib/libMobileGestalt.dylib
0x00007fff4c973000 	/System/Library/Frameworks/CoreVideo.framework/Versions/A/CoreVideo
0x00007fff66acb000 	/System/Library/PrivateFrameworks/GraphVisualizer.framework/Versions/A/GraphVisualizer
0x00007fff6094b000 	/System/Library/PrivateFrameworks/FaceCore.framework/Versions/A/FaceCore
0x00007fff532fa000 	/System/Library/Frameworks/OpenCL.framework/Versions/A/OpenCL
0x00007fff73727000 	/usr/lib/libFosl_dynamic.dylib
0x00007fff6a237000 	/System/Library/PrivateFrameworks/OTSVG.framework/Versions/A/OTSVG
0x00007fff49194000 	/System/Library/Frameworks/ApplicationServices.framework/Versions/A/Frameworks/ATS.framework/Versions/A/Resources/libFontParser.dylib
0x00007fff492ac000 	/System/Library/Frameworks/ApplicationServices.framework/Versions/A/Frameworks/ATS.framework/Versions/A/Resources/libFontRegistry.dylib
0x00007fff4d87d000 	/System/Library/Frameworks/ImageIO.framework/Versions/A/Resources/libJPEG.dylib
0x00007fff4db8f000 	/System/Library/Frameworks/ImageIO.framework/Versions/A/Resources/libTIFF.dylib
0x00007fff4db65000 	/System/Library/Frameworks/ImageIO.framework/Versions/A/Resources/libPng.dylib
0x00007fff4d79b000 	/System/Library/Frameworks/ImageIO.framework/Versions/A/Resources/libGIF.dylib
0x00007fff4d7a0000 	/System/Library/Frameworks/ImageIO.framework/Versions/A/Resources/libJP2.dylib
0x00007fff4db8c000 	/System/Library/Frameworks/ImageIO.framework/Versions/A/Resources/libRadiance.dylib
0x00007fff5aeb9000 	/System/Library/PrivateFrameworks/AppleJPEG.framework/Versions/A/AppleJPEG
0x00007fff53cd7000 	/System/Library/Frameworks/OpenGL.framework/Versions/A/Libraries/libGFXShared.dylib
0x00007fff53e9a000 	/System/Library/Frameworks/OpenGL.framework/Versions/A/Libraries/libGLU.dylib
0x00007fff53ce0000 	/System/Library/Frameworks/OpenGL.framework/Versions/A/Libraries/libGL.dylib
0x00007fff53cec000 	/System/Library/Frameworks/OpenGL.framework/Versions/A/Libraries/libGLImage.dylib
0x00007fff53cc9000 	/System/Library/Frameworks/OpenGL.framework/Versions/A/Libraries/libCVMSPluginSupport.dylib
0x00007fff53cd2000 	/System/Library/Frameworks/OpenGL.framework/Versions/A/Libraries/libCoreVMClient.dylib
0x00007fff7453e000 	/usr/lib/libcups.2.dylib
0x00007fff4ed53000 	/System/Library/Frameworks/Kerberos.framework/Versions/A/Kerberos
0x00007fff4d280000 	/System/Library/Frameworks/GSS.framework/Versions/A/GSS
0x00007fff75c51000 	/usr/lib/libresolv.9.dylib
0x00007fff74730000 	/usr/lib/libiconv.2.dylib
0x00007fff66c2a000 	/System/Library/PrivateFrameworks/Heimdal.framework/Versions/A/Heimdal
0x00007fff74700000 	/usr/lib/libheimdal-asn1.dylib
0x00007fff5336e000 	/System/Library/Frameworks/OpenDirectory.framework/Versions/A/OpenDirectory
0x00007fff5d6de000 	/System/Library/PrivateFrameworks/CommonAuth.framework/Versions/A/CommonAuth
0x00007fff53352000 	/System/Library/Frameworks/OpenDirectory.framework/Versions/A/Frameworks/CFOpenDirectory.framework/Versions/A/CFOpenDirectory
0x00007fff56412000 	/System/Library/Frameworks/SecurityFoundation.framework/Versions/A/SecurityFoundation
0x00007fff59b58000 	/System/Library/PrivateFrameworks/APFS.framework/Versions/A/APFS
0x00007fff760b2000 	/usr/lib/libutil.dylib
0x00007fff73ddb000 	/usr/lib/libcharset.1.dylib
0x00007fff5b156000 	/System/Library/PrivateFrameworks/AppleSauce.framework/Versions/A/AppleSauce
0x00007fff5b2d7000 	/System/Library/PrivateFrameworks/AssertionServices.framework/Versions/A/AssertionServices
0x00007fff5ba07000 	/System/Library/PrivateFrameworks/BaseBoard.framework/Versions/A/BaseBoard
0x00007fff74b01000 	/usr/lib/libmecab.1.0.0.dylib
0x00007fff746fa000 	/usr/lib/libgermantok.dylib
0x00007fff73bab000 	/usr/lib/libThaiTokenizer.dylib
0x00007fff73657000 	/usr/lib/libChineseTokenizer.dylib
0x00007fff68646000 	/System/Library/PrivateFrameworks/LanguageModeling.framework/Versions/A/LanguageModeling
0x00007fff5e3bf000 	/System/Library/PrivateFrameworks/CoreEmoji.framework/Versions/A/CoreEmoji
0x00007fff68722000 	/System/Library/PrivateFrameworks/Lexicon.framework/Versions/A/Lexicon
0x00007fff68765000 	/System/Library/PrivateFrameworks/LinguisticData.framework/Versions/A/LinguisticData
0x00007fff73ddc000 	/usr/lib/libcmph.dylib
0x00007fff564d0000 	/System/Library/Frameworks/ServiceManagement.framework/Versions/A/ServiceManagement
0x00007fff5b968000 	/System/Library/PrivateFrameworks/BackgroundTaskManagement.framework/Versions/A/BackgroundTaskManagement
0x00007fff761ab000 	/usr/lib/libxslt.1.dylib
0x00007fff4a1ff000 	/System/Library/Frameworks/Carbon.framework/Versions/A/Frameworks/Ink.framework/Versions/A/Ink
0x00007fff716e9000 	/System/Library/PrivateFrameworks/TextureIO.framework/Versions/A/TextureIO
0x00007fff73bff000 	/usr/lib/libate.dylib
0x00007fff5f69e000 	/System/Library/PrivateFrameworks/CrashReporterSupport.framework/Versions/A/CrashReporterSupport
0x00007fff6ee28000 	/System/Library/PrivateFrameworks/Sharing.framework/Versions/A/Sharing
0x00007fff5b6ba000 	/System/Library/PrivateFrameworks/AuthKit.framework/Versions/A/AuthKit
0x00007fff5ac0e000 	/System/Library/PrivateFrameworks/Apple80211.framework/Versions/A/Apple80211
0x00007fff5f448000 	/System/Library/PrivateFrameworks/CoreUtils.framework/Versions/A/CoreUtils
0x00007fff4c9b3000 	/System/Library/Frameworks/CoreWLAN.framework/Versions/A/CoreWLAN
0x00007fff4d3af000 	/System/Library/Frameworks/IOBluetooth.framework/Versions/A/IOBluetooth
0x00007fff6d2ac000 	/System/Library/PrivateFrameworks/ProtocolBuffer.framework/Versions/A/ProtocolBuffer
0x00007fff696c2000 	/System/Library/PrivateFrameworks/MobileKeyBag.framework/Versions/A/MobileKeyBag
0x00007fff5ec8c000 	/System/Library/PrivateFrameworks/CorePhoneNumbers.framework/Versions/A/CorePhoneNumbers
0x00007fff5ae6d000 	/System/Library/PrivateFrameworks/AppleIDAuthSupport.framework/Versions/A/AppleIDAuthSupport
0x00007fff68619000 	/System/Library/PrivateFrameworks/KeychainCircle.framework/Versions/A/KeychainCircle
0x00007fff6d462000 	/System/Library/PrivateFrameworks/ROCKit.framework/Versions/A/ROCKit
0x00007fff5f63a000 	/System/Library/PrivateFrameworks/CoreWiFi.framework/Versions/A/CoreWiFi
0x00007fff4a74a000 	/System/Library/Frameworks/CoreBluetooth.framework/Versions/A/CoreBluetooth
0x00007fff5f895000 	/System/Library/PrivateFrameworks/DebugSymbols.framework/Versions/A/DebugSymbols
0x00007fff5f208000 	/System/Library/PrivateFrameworks/CoreSymbolication.framework/Versions/A/CoreSymbolication
0x00007fff70f04000 	/System/Library/PrivateFrameworks/Symbolication.framework/Versions/A/Symbolication
0x00007fff707a7000 	/System/Library/PrivateFrameworks/SpeechRecognitionCore.framework/Versions/A/SpeechRecognitionCore
0x000000010fa4b000 	/Library/Java/JavaVirtualMachines/jdk1.8.0_191.jdk/Contents/Home/jre/lib/server/libjvm.dylib
0x00007fff75f8d000 	/usr/lib/libstdc++.6.dylib
0x0000000111200000 	/Library/Java/JavaVirtualMachines/jdk1.8.0_191.jdk/Contents/Home/jre/lib/libverify.dylib
0x000000011120e000 	/Library/Java/JavaVirtualMachines/jdk1.8.0_191.jdk/Contents/Home/jre/lib/libjava.dylib
0x0000000111244000 	/Library/Java/JavaVirtualMachines/jdk1.8.0_191.jdk/Contents/Home/jre/lib/libjdwp.dylib
0x000000011128f000 	/Library/Java/JavaVirtualMachines/jdk1.8.0_191.jdk/Contents/Home/jre/lib/libnpt.dylib
0x0000000111293000 	/Library/Java/JavaVirtualMachines/jdk1.8.0_191.jdk/Contents/Home/jre/lib/libinstrument.dylib
0x0000000111330000 	/Library/Java/JavaVirtualMachines/jdk1.8.0_191.jdk/Contents/Home/jre/lib/libzip.dylib
0x0000000113cb9000 	/Library/Java/JavaVirtualMachines/jdk1.8.0_191.jdk/Contents/Home/jre/lib/libdt_socket.dylib

VM Arguments:
jvm_args: -agentlib:jdwp=transport=dt_socket,suspend=y,address=localhost:51582 -javaagent:/Applications/Eclipse.app/Contents/Eclipse/configuration/org.eclipse.osgi/231/0/.cp/lib/javaagent-shaded.jar -Dfile.encoding=UTF-8 
java_command: facebook2RDF.StarDogDBFiller
java_class_path (initial): /Users/lucas/Documents/GitHub/facebook2RDF/code/Facebook2RDF/bin:/Users/lucas/.gradle/caches/modules-2/files-2.1/org.apache.commons/commons-math3/3.6.1/e4ba98f1d4b3c80ec46392f25e094a6a2e58fcbf/commons-math3-3.6.1.jar:/Users/lucas/.gradle/caches/modules-2/files-2.1/com.complexible.stardog.stardocs.http/stardog-stardocs-protocols-http-client/4.2.4/ed31d469376f11ea4730387e6e518a248afadc2a/stardog-stardocs-protocols-http-client-4.2.4.jar:/Users/lucas/.gradle/caches/modules-2/files-2.1/com.complexible.stardog.virtual.http/stardog-virtual-protocols-http-client/4.2.4/239c30d862d17dea4cd73ada2ed79a76817b9bd6/stardog-virtual-protocols-http-client-4.2.4.jar:/Users/lucas/.gradle/caches/modules-2/files-2.1/com.complexible.stardog.search.http/stardog-search-protocols-http-client/4.2.4/1d7f919a5a9d7ef8099b5e62a9376c96fb4868e7/stardog-search-protocols-http-client-4.2.4.jar:/Users/lucas/.gradle/caches/modules-2/files-2.1/com.complexible.stardog.reasoning.http/stardog-reasoning-protocols-http-client/4.2.4/c443fddcbe1287d6414ab7452fae2ec9fa02fddc/stardog-reasoning-protocols-http-client-4.2.4.jar:/Users/lucas/.gradle/caches/modules-2/files-2.1/com.complexible.stardog.watchdog.http/stardog-watchdog-protocols-http-client/4.2.4/a47db8ae7581b2cfe228e10d00b300eb08cac50b/stardog-watchdog-protocols-http-client-4.2.4.jar:/Users/lucas/.gradle/caches/modules-2/files-2.1/com.complexible.stardog.versioning.http/stardog-versioning-protocols-http-client/4.2.4/862511c656468f1d18392830e3f5f89e3e9dff47/stardog-versioning-protocols-http-client-4.2.4.jar:/Users/lucas/.gradle/caches/modules-2/files-2.1/com.complexible.stardog.icv.http/stardog-icv-protocols-http-client/4.2.4/83b40c00c832974cc544ed9f0b8032039de2a4ca/stardog-icv-protocols-http-client-4.2.4.jar:/Users/lucas/.gradle/caches/modules-2/files-2.1/com.complexible.stardog.protocols.http/stardog-protocols-http-client/4.2.4/83ca018d6ea91e30e571ace60d72ed44715e4bef/stardog-protocols-http-client-4.2.4.jar:/Users/lucas/.grad
Launcher Type: SUN_STANDARD

Environment Variables:
PATH=/usr/bin:/bin:/usr/sbin:/sbin
SHELL=/bin/bash
DISPLAY=/private/tmp/com.apple.launchd.8EaHgCwVex/org.macosforge.xquartz:0

Signal Handlers:
SIGSEGV: [libjvm.dylib+0x5b5de9], sa_mask[0]=11111111011111110111111111111111, sa_flags=SA_ONSTACK|SA_RESTART|SA_SIGINFO
SIGBUS: [libjvm.dylib+0x5b5de9], sa_mask[0]=11111111011111110111111111111111, sa_flags=SA_RESTART|SA_SIGINFO
SIGFPE: [libjvm.dylib+0x48b6b0], sa_mask[0]=11111111011111110111111111111111, sa_flags=SA_RESTART|SA_SIGINFO
SIGPIPE: [libjvm.dylib+0x48b6b0], sa_mask[0]=11111111011111110111111111111111, sa_flags=SA_RESTART|SA_SIGINFO
SIGXFSZ: [libjvm.dylib+0x48b6b0], sa_mask[0]=11111111011111110111111111111111, sa_flags=SA_RESTART|SA_SIGINFO
SIGILL: [libjvm.dylib+0x48b6b0], sa_mask[0]=11111111011111110111111111111111, sa_flags=SA_RESTART|SA_SIGINFO
SIGUSR1: SIG_DFL, sa_mask[0]=00000000000000000000000000000000, sa_flags=none
SIGUSR2: [libjvm.dylib+0x48b1ce], sa_mask[0]=00100000000000000000000000000000, sa_flags=SA_RESTART|SA_SIGINFO
SIGHUP: [libjvm.dylib+0x489759], sa_mask[0]=11111111011111110111111111111111, sa_flags=SA_RESTART|SA_SIGINFO
SIGINT: [libjvm.dylib+0x489759], sa_mask[0]=11111111011111110111111111111111, sa_flags=SA_RESTART|SA_SIGINFO
SIGTERM: [libjvm.dylib+0x489759], sa_mask[0]=11111111011111110111111111111111, sa_flags=SA_RESTART|SA_SIGINFO
SIGQUIT: [libjvm.dylib+0x489759], sa_mask[0]=11111111011111110111111111111111, sa_flags=SA_RESTART|SA_SIGINFO


---------------  S Y S T E M  ---------------

OS:Bsduname:Darwin 18.6.0 Darwin Kernel Version 18.6.0: Thu Apr 25 23:16:27 PDT 2019; root:xnu-4903.261.4~2/RELEASE_X86_64 x86_64
rlimit: STACK 8192k, CORE 0k, NPROC 709, NOFILE 10240, AS infinity
load average:2.66 2.86 2.79

CPU:total 4 (initial active 4) (2 cores per cpu, 2 threads per core) family 6 model 61 stepping 4, cmov, cx8, fxsr, mmx, sse, sse2, sse3, ssse3, sse4.1, sse4.2, popcnt, avx, avx2, aes, clmul, erms, rtm, 3dnowpref, lzcnt, ht, tsc, tscinvbit, bmi1, bmi2, adx

Memory: 4k page, physical 8388608k(27352k free)

/proc/meminfo:


vm_info: Java HotSpot(TM) 64-Bit Server VM (25.191-b12) for bsd-amd64 JRE (1.8.0_191-b12), built on Oct  6 2018 08:37:07 by "java_re" with gcc 4.2.1 (Based on Apple Inc. build 5658) (LLVM build 2336.11.00)

time: Thu Apr  2 15:39:14 2020
elapsed time: 1280 seconds (0d 0h 21m 20s)

